#
# There is insufficient memory for the Java Runtime Environment to continue.
# Native memory allocation (malloc) failed to allocate 32744 bytes for ChunkPool::allocate
# Possible reasons:
#   The system is out of physical RAM or swap space
#   The process is running with CompressedOops enabled, and the Java Heap may be blocking the growth of the native heap
# Possible solutions:
#   Reduce memory load on the system
#   Increase physical memory or swap space
#   Check if swap backing store is full
#   Decrease Java heap size (-Xmx/-Xms)
#   Decrease number of Java threads
#   Decrease Java thread stack sizes (-Xss)
#   Set larger code cache with -XX:ReservedCodeCacheSize=
#   JVM is running with Zero Based Compressed Oops mode in which the Java heap is
#     placed in the first 32GB address space. The Java Heap base address is the
#     maximum limit for the native heap growth. Please use -XX:HeapBaseMinAddress
#     to set the Java Heap base and to place the Java Heap above 32GB virtual address.
# This output file may be truncated or incomplete.
#
#  Out of Memory Error (arena.cpp:81), pid=16820, tid=15052
#
# JRE version: OpenJDK Runtime Environment Zulu11.82+19-CA (11.0.28+6) (build 11.0.28+6-LTS)
# Java VM: OpenJDK 64-Bit Server VM Zulu11.82+19-CA (11.0.28+6-LTS, mixed mode, tiered, compressed oops, g1 gc, windows-amd64)
# No core dump will be written. Minidumps are not enabled by default on client versions of Windows
#

---------------  S U M M A R Y ------------

Command Line: -Dclassworlds.conf=C:\Users\AMIT\.m2\wrapper\dists\apache-maven-3.9.10\a38810a491b03367137adfdfbe7d14c4\bin\m2.conf -Dmaven.home=C:\Users\AMIT\.m2\wrapper\dists\apache-maven-3.9.10\a38810a491b03367137adfdfbe7d14c4 -Dlibrary.jansi.path=C:\Users\AMIT\.m2\wrapper\dists\apache-maven-3.9.10\a38810a491b03367137adfdfbe7d14c4\lib\jansi-native -Dmaven.multiModuleProjectDirectory=E:\Spring Boot Tutorial\RestApi\journalApp org.codehaus.plexus.classworlds.launcher.Launcher clean install -DskipTests

Host: Intel(R) Core(TM) i3-1005G1 CPU @ 1.20GHz, 4 cores, 11G,  Windows 11 , 64 bit Build 22621 (10.0.22621.5305)
Time: Tue Jul 29 23:58:26 2025 India Standard Time elapsed time: 0.781823 seconds (0d 0h 0m 0s)

---------------  T H R E A D  ---------------

Current thread (0x0000017ffc679800):  JavaThread "C2 CompilerThread0" daemon [_thread_in_native, id=15052, stack(0x0000002344f00000,0x0000002345000000)]


Current CompileTask:
C2:    781  691       4       java.util.jar.JarFile::getEntry (22 bytes)

Stack: [0x0000002344f00000,0x0000002345000000]
Native frames: (J=compiled Java code, j=interpreted, Vv=VM code, C=native code)
V  [jvm.dll+0x62e00a]
V  [jvm.dll+0x7bd169]
V  [jvm.dll+0x7be858]
V  [jvm.dll+0x7bef33]
V  [jvm.dll+0x2539a8]
V  [jvm.dll+0xc2afb]
V  [jvm.dll+0xc2e5c]
V  [jvm.dll+0xc29ab]
V  [jvm.dll+0x60b48f]
V  [jvm.dll+0x65f274]
V  [jvm.dll+0x19ec1d]
V  [jvm.dll+0x208ff5]
V  [jvm.dll+0x20806d]
V  [jvm.dll+0x18a221]
V  [jvm.dll+0x2179d4]
V  [jvm.dll+0x215bfb]
V  [jvm.dll+0x77fc70]
V  [jvm.dll+0x778a54]
V  [jvm.dll+0x62ce75]
C  [ucrtbase.dll+0x29333]
C  [KERNEL32.DLL+0x1259d]
C  [ntdll.dll+0x5af78]


---------------  P R O C E S S  ---------------

Threads class SMR info:
_java_thread_list=0x0000017ffd158ac0, length=11, elements={
0x0000017fdb060000, 0x0000017ffc619800, 0x0000017ffc622800, 0x0000017ffc670800,
0x0000017ffc676800, 0x0000017ffc678000, 0x0000017ffc679800, 0x0000017ffc67b800,
0x0000017ffc682800, 0x0000017ffc7ef800, 0x0000017ffd7ab800
}

Java Threads: ( => current thread )
  0x0000017fdb060000 JavaThread "main" [_thread_in_vm, id=15200, stack(0x0000002344300000,0x0000002344400000)]
  0x0000017ffc619800 JavaThread "Reference Handler" daemon [_thread_blocked, id=8932, stack(0x0000002344a00000,0x0000002344b00000)]
  0x0000017ffc622800 JavaThread "Finalizer" daemon [_thread_blocked, id=4268, stack(0x0000002344b00000,0x0000002344c00000)]
  0x0000017ffc670800 JavaThread "Signal Dispatcher" daemon [_thread_blocked, id=6372, stack(0x0000002344c00000,0x0000002344d00000)]
  0x0000017ffc676800 JavaThread "Attach Listener" daemon [_thread_blocked, id=1624, stack(0x0000002344d00000,0x0000002344e00000)]
  0x0000017ffc678000 JavaThread "Service Thread" daemon [_thread_blocked, id=6292, stack(0x0000002344e00000,0x0000002344f00000)]
=>0x0000017ffc679800 JavaThread "C2 CompilerThread0" daemon [_thread_in_native, id=15052, stack(0x0000002344f00000,0x0000002345000000)]
  0x0000017ffc67b800 JavaThread "C1 CompilerThread0" daemon [_thread_in_vm, id=16480, stack(0x0000002345000000,0x0000002345100000)]
  0x0000017ffc682800 JavaThread "Sweeper thread" daemon [_thread_blocked, id=7212, stack(0x0000002345100000,0x0000002345200000)]
  0x0000017ffc7ef800 JavaThread "Common-Cleaner" daemon [_thread_blocked, id=8212, stack(0x0000002345300000,0x0000002345400000)]
  0x0000017ffd7ab800 JavaThread "C2 CompilerThread1" daemon [_thread_in_native, id=16720, stack(0x0000002345800000,0x0000002345900000)]

Other Threads:
  0x0000017ffc5f7000 VMThread "VM Thread" [stack: 0x0000002344900000,0x0000002344a00000] [id=2896]
  0x0000017ffc7e7800 WatcherThread [stack: 0x0000002345200000,0x0000002345300000] [id=15984]
  0x0000017fdb07b800 GCTaskThread "GC Thread#0" [stack: 0x0000002344400000,0x0000002344500000] [id=15740]
  0x0000017ffd512800 GCTaskThread "GC Thread#1" [stack: 0x0000002345500000,0x0000002345600000] [id=9156]
  0x0000017ffd515000 GCTaskThread "GC Thread#2" [stack: 0x0000002345600000,0x0000002345700000] [id=2580]
  0x0000017ffd536800 GCTaskThread "GC Thread#3" [stack: 0x0000002345700000,0x0000002345800000] [id=12232]
  0x0000017fdb0bf800 ConcurrentGCThread "G1 Main Marker" [stack: 0x0000002344500000,0x0000002344600000] [id=14224]
  0x0000017fdb0c3000 ConcurrentGCThread "G1 Conc#0" [stack: 0x0000002344600000,0x0000002344700000] [id=13476]
  0x0000017ffbc54800 ConcurrentGCThread "G1 Refine#0" [stack: 0x0000002344700000,0x0000002344800000] [id=7504]
  0x0000017ffbc56000 ConcurrentGCThread "G1 Young RemSet Sampling" [stack: 0x0000002344800000,0x0000002344900000] [id=2728]

Threads with active compile tasks:
C2 CompilerThread0      799  691       4       java.util.jar.JarFile::getEntry (22 bytes)
C2 CompilerThread1      799  692   !   4       jdk.internal.loader.URLClassPath$JarLoader::getResource (65 bytes)

VM state:not at safepoint (normal execution)

VM Mutex/Monitor currently owned by a thread: None

Heap address: 0x0000000744000000, size: 3008 MB, Compressed Oops mode: Zero based, Oop shift amount: 3
Narrow klass base: 0x0000000800000000, Narrow klass shift: 0
Compressed class space size: 1073741824 Address: 0x0000000800000000

Heap:
 garbage-first heap   total 192512K, used 5011K [0x0000000744000000, 0x0000000800000000)
  region size 1024K, 5 young (5120K), 2 survivors (2048K)
 Metaspace       used 11227K, capacity 11393K, committed 11648K, reserved 1060864K
  class space    used 1051K, capacity 1146K, committed 1152K, reserved 1048576K
Heap Regions: E=young(eden), S=young(survivor), O=old, HS=humongous(starts), HC=humongous(continues), CS=collection set, F=free, A=archive, TAMS=top-at-mark-start (previous, next)
|   0|0x0000000744000000, 0x00000007440e4e00, 0x0000000744100000| 89%| O|  |TAMS 0x0000000744000000, 0x0000000744000000| Untracked 
|   1|0x0000000744100000, 0x0000000744100000, 0x0000000744200000|  0%| F|  |TAMS 0x0000000744100000, 0x0000000744100000| Untracked 
|   2|0x0000000744200000, 0x0000000744200000, 0x0000000744300000|  0%| F|  |TAMS 0x0000000744200000, 0x0000000744200000| Untracked 
|   3|0x0000000744300000, 0x0000000744300000, 0x0000000744400000|  0%| F|  |TAMS 0x0000000744300000, 0x0000000744300000| Untracked 
|   4|0x0000000744400000, 0x0000000744400000, 0x0000000744500000|  0%| F|  |TAMS 0x0000000744400000, 0x0000000744400000| Untracked 
|   5|0x0000000744500000, 0x0000000744500000, 0x0000000744600000|  0%| F|  |TAMS 0x0000000744500000, 0x0000000744500000| Untracked 
|   6|0x0000000744600000, 0x0000000744600000, 0x0000000744700000|  0%| F|  |TAMS 0x0000000744600000, 0x0000000744600000| Untracked 
|   7|0x0000000744700000, 0x0000000744700000, 0x0000000744800000|  0%| F|  |TAMS 0x0000000744700000, 0x0000000744700000| Untracked 
|   8|0x0000000744800000, 0x0000000744800000, 0x0000000744900000|  0%| F|  |TAMS 0x0000000744800000, 0x0000000744800000| Untracked 
|   9|0x0000000744900000, 0x0000000744900000, 0x0000000744a00000|  0%| F|  |TAMS 0x0000000744900000, 0x0000000744900000| Untracked 
|  10|0x0000000744a00000, 0x0000000744a00000, 0x0000000744b00000|  0%| F|  |TAMS 0x0000000744a00000, 0x0000000744a00000| Untracked 
|  11|0x0000000744b00000, 0x0000000744b00000, 0x0000000744c00000|  0%| F|  |TAMS 0x0000000744b00000, 0x0000000744b00000| Untracked 
|  12|0x0000000744c00000, 0x0000000744c00000, 0x0000000744d00000|  0%| F|  |TAMS 0x0000000744c00000, 0x0000000744c00000| Untracked 
|  13|0x0000000744d00000, 0x0000000744d00000, 0x0000000744e00000|  0%| F|  |TAMS 0x0000000744d00000, 0x0000000744d00000| Untracked 
|  14|0x0000000744e00000, 0x0000000744e00000, 0x0000000744f00000|  0%| F|  |TAMS 0x0000000744e00000, 0x0000000744e00000| Untracked 
|  15|0x0000000744f00000, 0x0000000744f00000, 0x0000000745000000|  0%| F|  |TAMS 0x0000000744f00000, 0x0000000744f00000| Untracked 
|  16|0x0000000745000000, 0x0000000745000000, 0x0000000745100000|  0%| F|  |TAMS 0x0000000745000000, 0x0000000745000000| Untracked 
|  17|0x0000000745100000, 0x0000000745100000, 0x0000000745200000|  0%| F|  |TAMS 0x0000000745100000, 0x0000000745100000| Untracked 
|  18|0x0000000745200000, 0x0000000745200000, 0x0000000745300000|  0%| F|  |TAMS 0x0000000745200000, 0x0000000745200000| Untracked 
|  19|0x0000000745300000, 0x0000000745300000, 0x0000000745400000|  0%| F|  |TAMS 0x0000000745300000, 0x0000000745300000| Untracked 
|  20|0x0000000745400000, 0x0000000745400000, 0x0000000745500000|  0%| F|  |TAMS 0x0000000745400000, 0x0000000745400000| Untracked 
|  21|0x0000000745500000, 0x0000000745500000, 0x0000000745600000|  0%| F|  |TAMS 0x0000000745500000, 0x0000000745500000| Untracked 
|  22|0x0000000745600000, 0x0000000745600000, 0x0000000745700000|  0%| F|  |TAMS 0x0000000745600000, 0x0000000745600000| Untracked 
|  23|0x0000000745700000, 0x0000000745700000, 0x0000000745800000|  0%| F|  |TAMS 0x0000000745700000, 0x0000000745700000| Untracked 
|  24|0x0000000745800000, 0x0000000745800000, 0x0000000745900000|  0%| F|  |TAMS 0x0000000745800000, 0x0000000745800000| Untracked 
|  25|0x0000000745900000, 0x0000000745900000, 0x0000000745a00000|  0%| F|  |TAMS 0x0000000745900000, 0x0000000745900000| Untracked 
|  26|0x0000000745a00000, 0x0000000745a00000, 0x0000000745b00000|  0%| F|  |TAMS 0x0000000745a00000, 0x0000000745a00000| Untracked 
|  27|0x0000000745b00000, 0x0000000745b00000, 0x0000000745c00000|  0%| F|  |TAMS 0x0000000745b00000, 0x0000000745b00000| Untracked 
|  28|0x0000000745c00000, 0x0000000745c00000, 0x0000000745d00000|  0%| F|  |TAMS 0x0000000745c00000, 0x0000000745c00000| Untracked 
|  29|0x0000000745d00000, 0x0000000745d00000, 0x0000000745e00000|  0%| F|  |TAMS 0x0000000745d00000, 0x0000000745d00000| Untracked 
|  30|0x0000000745e00000, 0x0000000745e00000, 0x0000000745f00000|  0%| F|  |TAMS 0x0000000745e00000, 0x0000000745e00000| Untracked 
|  31|0x0000000745f00000, 0x0000000745f00000, 0x0000000746000000|  0%| F|  |TAMS 0x0000000745f00000, 0x0000000745f00000| Untracked 
|  32|0x0000000746000000, 0x0000000746000000, 0x0000000746100000|  0%| F|  |TAMS 0x0000000746000000, 0x0000000746000000| Untracked 
|  33|0x0000000746100000, 0x0000000746100000, 0x0000000746200000|  0%| F|  |TAMS 0x0000000746100000, 0x0000000746100000| Untracked 
|  34|0x0000000746200000, 0x0000000746200000, 0x0000000746300000|  0%| F|  |TAMS 0x0000000746200000, 0x0000000746200000| Untracked 
|  35|0x0000000746300000, 0x0000000746300000, 0x0000000746400000|  0%| F|  |TAMS 0x0000000746300000, 0x0000000746300000| Untracked 
|  36|0x0000000746400000, 0x0000000746400000, 0x0000000746500000|  0%| F|  |TAMS 0x0000000746400000, 0x0000000746400000| Untracked 
|  37|0x0000000746500000, 0x0000000746500000, 0x0000000746600000|  0%| F|  |TAMS 0x0000000746500000, 0x0000000746500000| Untracked 
|  38|0x0000000746600000, 0x0000000746600000, 0x0000000746700000|  0%| F|  |TAMS 0x0000000746600000, 0x0000000746600000| Untracked 
|  39|0x0000000746700000, 0x0000000746700000, 0x0000000746800000|  0%| F|  |TAMS 0x0000000746700000, 0x0000000746700000| Untracked 
|  40|0x0000000746800000, 0x0000000746800000, 0x0000000746900000|  0%| F|  |TAMS 0x0000000746800000, 0x0000000746800000| Untracked 
|  41|0x0000000746900000, 0x0000000746900000, 0x0000000746a00000|  0%| F|  |TAMS 0x0000000746900000, 0x0000000746900000| Untracked 
|  42|0x0000000746a00000, 0x0000000746a00000, 0x0000000746b00000|  0%| F|  |TAMS 0x0000000746a00000, 0x0000000746a00000| Untracked 
|  43|0x0000000746b00000, 0x0000000746b00000, 0x0000000746c00000|  0%| F|  |TAMS 0x0000000746b00000, 0x0000000746b00000| Untracked 
|  44|0x0000000746c00000, 0x0000000746c00000, 0x0000000746d00000|  0%| F|  |TAMS 0x0000000746c00000, 0x0000000746c00000| Untracked 
|  45|0x0000000746d00000, 0x0000000746d00000, 0x0000000746e00000|  0%| F|  |TAMS 0x0000000746d00000, 0x0000000746d00000| Untracked 
|  46|0x0000000746e00000, 0x0000000746e00000, 0x0000000746f00000|  0%| F|  |TAMS 0x0000000746e00000, 0x0000000746e00000| Untracked 
|  47|0x0000000746f00000, 0x0000000746f00000, 0x0000000747000000|  0%| F|  |TAMS 0x0000000746f00000, 0x0000000746f00000| Untracked 
|  48|0x0000000747000000, 0x0000000747000000, 0x0000000747100000|  0%| F|  |TAMS 0x0000000747000000, 0x0000000747000000| Untracked 
|  49|0x0000000747100000, 0x0000000747100000, 0x0000000747200000|  0%| F|  |TAMS 0x0000000747100000, 0x0000000747100000| Untracked 
|  50|0x0000000747200000, 0x0000000747200000, 0x0000000747300000|  0%| F|  |TAMS 0x0000000747200000, 0x0000000747200000| Untracked 
|  51|0x0000000747300000, 0x0000000747300000, 0x0000000747400000|  0%| F|  |TAMS 0x0000000747300000, 0x0000000747300000| Untracked 
|  52|0x0000000747400000, 0x0000000747400000, 0x0000000747500000|  0%| F|  |TAMS 0x0000000747400000, 0x0000000747400000| Untracked 
|  53|0x0000000747500000, 0x0000000747500000, 0x0000000747600000|  0%| F|  |TAMS 0x0000000747500000, 0x0000000747500000| Untracked 
|  54|0x0000000747600000, 0x0000000747600000, 0x0000000747700000|  0%| F|  |TAMS 0x0000000747600000, 0x0000000747600000| Untracked 
|  55|0x0000000747700000, 0x0000000747700000, 0x0000000747800000|  0%| F|  |TAMS 0x0000000747700000, 0x0000000747700000| Untracked 
|  56|0x0000000747800000, 0x0000000747800000, 0x0000000747900000|  0%| F|  |TAMS 0x0000000747800000, 0x0000000747800000| Untracked 
|  57|0x0000000747900000, 0x0000000747900000, 0x0000000747a00000|  0%| F|  |TAMS 0x0000000747900000, 0x0000000747900000| Untracked 
|  58|0x0000000747a00000, 0x0000000747a00000, 0x0000000747b00000|  0%| F|  |TAMS 0x0000000747a00000, 0x0000000747a00000| Untracked 
|  59|0x0000000747b00000, 0x0000000747b00000, 0x0000000747c00000|  0%| F|  |TAMS 0x0000000747b00000, 0x0000000747b00000| Untracked 
|  60|0x0000000747c00000, 0x0000000747c00000, 0x0000000747d00000|  0%| F|  |TAMS 0x0000000747c00000, 0x0000000747c00000| Untracked 
|  61|0x0000000747d00000, 0x0000000747d00000, 0x0000000747e00000|  0%| F|  |TAMS 0x0000000747d00000, 0x0000000747d00000| Untracked 
|  62|0x0000000747e00000, 0x0000000747e00000, 0x0000000747f00000|  0%| F|  |TAMS 0x0000000747e00000, 0x0000000747e00000| Untracked 
|  63|0x0000000747f00000, 0x0000000747f00000, 0x0000000748000000|  0%| F|  |TAMS 0x0000000747f00000, 0x0000000747f00000| Untracked 
|  64|0x0000000748000000, 0x0000000748000000, 0x0000000748100000|  0%| F|  |TAMS 0x0000000748000000, 0x0000000748000000| Untracked 
|  65|0x0000000748100000, 0x0000000748100000, 0x0000000748200000|  0%| F|  |TAMS 0x0000000748100000, 0x0000000748100000| Untracked 
|  66|0x0000000748200000, 0x0000000748200000, 0x0000000748300000|  0%| F|  |TAMS 0x0000000748200000, 0x0000000748200000| Untracked 
|  67|0x0000000748300000, 0x0000000748300000, 0x0000000748400000|  0%| F|  |TAMS 0x0000000748300000, 0x0000000748300000| Untracked 
|  68|0x0000000748400000, 0x0000000748400000, 0x0000000748500000|  0%| F|  |TAMS 0x0000000748400000, 0x0000000748400000| Untracked 
|  69|0x0000000748500000, 0x0000000748500000, 0x0000000748600000|  0%| F|  |TAMS 0x0000000748500000, 0x0000000748500000| Untracked 
|  70|0x0000000748600000, 0x0000000748600000, 0x0000000748700000|  0%| F|  |TAMS 0x0000000748600000, 0x0000000748600000| Untracked 
|  71|0x0000000748700000, 0x0000000748700000, 0x0000000748800000|  0%| F|  |TAMS 0x0000000748700000, 0x0000000748700000| Untracked 
|  72|0x0000000748800000, 0x0000000748800000, 0x0000000748900000|  0%| F|  |TAMS 0x0000000748800000, 0x0000000748800000| Untracked 
|  73|0x0000000748900000, 0x0000000748900000, 0x0000000748a00000|  0%| F|  |TAMS 0x0000000748900000, 0x0000000748900000| Untracked 
|  74|0x0000000748a00000, 0x0000000748a00000, 0x0000000748b00000|  0%| F|  |TAMS 0x0000000748a00000, 0x0000000748a00000| Untracked 
|  75|0x0000000748b00000, 0x0000000748b00000, 0x0000000748c00000|  0%| F|  |TAMS 0x0000000748b00000, 0x0000000748b00000| Untracked 
|  76|0x0000000748c00000, 0x0000000748c00000, 0x0000000748d00000|  0%| F|  |TAMS 0x0000000748c00000, 0x0000000748c00000| Untracked 
|  77|0x0000000748d00000, 0x0000000748d00000, 0x0000000748e00000|  0%| F|  |TAMS 0x0000000748d00000, 0x0000000748d00000| Untracked 
|  78|0x0000000748e00000, 0x0000000748e00000, 0x0000000748f00000|  0%| F|  |TAMS 0x0000000748e00000, 0x0000000748e00000| Untracked 
|  79|0x0000000748f00000, 0x0000000748f00000, 0x0000000749000000|  0%| F|  |TAMS 0x0000000748f00000, 0x0000000748f00000| Untracked 
|  80|0x0000000749000000, 0x0000000749000000, 0x0000000749100000|  0%| F|  |TAMS 0x0000000749000000, 0x0000000749000000| Untracked 
|  81|0x0000000749100000, 0x0000000749100000, 0x0000000749200000|  0%| F|  |TAMS 0x0000000749100000, 0x0000000749100000| Untracked 
|  82|0x0000000749200000, 0x0000000749200000, 0x0000000749300000|  0%| F|  |TAMS 0x0000000749200000, 0x0000000749200000| Untracked 
|  83|0x0000000749300000, 0x0000000749300000, 0x0000000749400000|  0%| F|  |TAMS 0x0000000749300000, 0x0000000749300000| Untracked 
|  84|0x0000000749400000, 0x0000000749400000, 0x0000000749500000|  0%| F|  |TAMS 0x0000000749400000, 0x0000000749400000| Untracked 
|  85|0x0000000749500000, 0x0000000749500000, 0x0000000749600000|  0%| F|  |TAMS 0x0000000749500000, 0x0000000749500000| Untracked 
|  86|0x0000000749600000, 0x0000000749600000, 0x0000000749700000|  0%| F|  |TAMS 0x0000000749600000, 0x0000000749600000| Untracked 
|  87|0x0000000749700000, 0x0000000749700000, 0x0000000749800000|  0%| F|  |TAMS 0x0000000749700000, 0x0000000749700000| Untracked 
|  88|0x0000000749800000, 0x0000000749800000, 0x0000000749900000|  0%| F|  |TAMS 0x0000000749800000, 0x0000000749800000| Untracked 
|  89|0x0000000749900000, 0x0000000749900000, 0x0000000749a00000|  0%| F|  |TAMS 0x0000000749900000, 0x0000000749900000| Untracked 
|  90|0x0000000749a00000, 0x0000000749a00000, 0x0000000749b00000|  0%| F|  |TAMS 0x0000000749a00000, 0x0000000749a00000| Untracked 
|  91|0x0000000749b00000, 0x0000000749b00000, 0x0000000749c00000|  0%| F|  |TAMS 0x0000000749b00000, 0x0000000749b00000| Untracked 
|  92|0x0000000749c00000, 0x0000000749c00000, 0x0000000749d00000|  0%| F|  |TAMS 0x0000000749c00000, 0x0000000749c00000| Untracked 
|  93|0x0000000749d00000, 0x0000000749d00000, 0x0000000749e00000|  0%| F|  |TAMS 0x0000000749d00000, 0x0000000749d00000| Untracked 
|  94|0x0000000749e00000, 0x0000000749e00000, 0x0000000749f00000|  0%| F|  |TAMS 0x0000000749e00000, 0x0000000749e00000| Untracked 
|  95|0x0000000749f00000, 0x0000000749f00000, 0x000000074a000000|  0%| F|  |TAMS 0x0000000749f00000, 0x0000000749f00000| Untracked 
|  96|0x000000074a000000, 0x000000074a000000, 0x000000074a100000|  0%| F|  |TAMS 0x000000074a000000, 0x000000074a000000| Untracked 
|  97|0x000000074a100000, 0x000000074a100000, 0x000000074a200000|  0%| F|  |TAMS 0x000000074a100000, 0x000000074a100000| Untracked 
|  98|0x000000074a200000, 0x000000074a200000, 0x000000074a300000|  0%| F|  |TAMS 0x000000074a200000, 0x000000074a200000| Untracked 
|  99|0x000000074a300000, 0x000000074a300000, 0x000000074a400000|  0%| F|  |TAMS 0x000000074a300000, 0x000000074a300000| Untracked 
| 100|0x000000074a400000, 0x000000074a400000, 0x000000074a500000|  0%| F|  |TAMS 0x000000074a400000, 0x000000074a400000| Untracked 
| 101|0x000000074a500000, 0x000000074a500000, 0x000000074a600000|  0%| F|  |TAMS 0x000000074a500000, 0x000000074a500000| Untracked 
| 102|0x000000074a600000, 0x000000074a600000, 0x000000074a700000|  0%| F|  |TAMS 0x000000074a600000, 0x000000074a600000| Untracked 
| 103|0x000000074a700000, 0x000000074a700000, 0x000000074a800000|  0%| F|  |TAMS 0x000000074a700000, 0x000000074a700000| Untracked 
| 104|0x000000074a800000, 0x000000074a800000, 0x000000074a900000|  0%| F|  |TAMS 0x000000074a800000, 0x000000074a800000| Untracked 
| 105|0x000000074a900000, 0x000000074a900000, 0x000000074aa00000|  0%| F|  |TAMS 0x000000074a900000, 0x000000074a900000| Untracked 
| 106|0x000000074aa00000, 0x000000074aa00000, 0x000000074ab00000|  0%| F|  |TAMS 0x000000074aa00000, 0x000000074aa00000| Untracked 
| 107|0x000000074ab00000, 0x000000074ab00000, 0x000000074ac00000|  0%| F|  |TAMS 0x000000074ab00000, 0x000000074ab00000| Untracked 
| 108|0x000000074ac00000, 0x000000074ac00000, 0x000000074ad00000|  0%| F|  |TAMS 0x000000074ac00000, 0x000000074ac00000| Untracked 
| 109|0x000000074ad00000, 0x000000074ad00000, 0x000000074ae00000|  0%| F|  |TAMS 0x000000074ad00000, 0x000000074ad00000| Untracked 
| 110|0x000000074ae00000, 0x000000074ae00000, 0x000000074af00000|  0%| F|  |TAMS 0x000000074ae00000, 0x000000074ae00000| Untracked 
| 111|0x000000074af00000, 0x000000074af00000, 0x000000074b000000|  0%| F|  |TAMS 0x000000074af00000, 0x000000074af00000| Untracked 
| 112|0x000000074b000000, 0x000000074b000000, 0x000000074b100000|  0%| F|  |TAMS 0x000000074b000000, 0x000000074b000000| Untracked 
| 113|0x000000074b100000, 0x000000074b100000, 0x000000074b200000|  0%| F|  |TAMS 0x000000074b100000, 0x000000074b100000| Untracked 
| 114|0x000000074b200000, 0x000000074b200000, 0x000000074b300000|  0%| F|  |TAMS 0x000000074b200000, 0x000000074b200000| Untracked 
| 115|0x000000074b300000, 0x000000074b300000, 0x000000074b400000|  0%| F|  |TAMS 0x000000074b300000, 0x000000074b300000| Untracked 
| 116|0x000000074b400000, 0x000000074b400000, 0x000000074b500000|  0%| F|  |TAMS 0x000000074b400000, 0x000000074b400000| Untracked 
| 117|0x000000074b500000, 0x000000074b500000, 0x000000074b600000|  0%| F|  |TAMS 0x000000074b500000, 0x000000074b500000| Untracked 
| 118|0x000000074b600000, 0x000000074b600000, 0x000000074b700000|  0%| F|  |TAMS 0x000000074b600000, 0x000000074b600000| Untracked 
| 119|0x000000074b700000, 0x000000074b700000, 0x000000074b800000|  0%| F|  |TAMS 0x000000074b700000, 0x000000074b700000| Untracked 
| 120|0x000000074b800000, 0x000000074b800000, 0x000000074b900000|  0%| F|  |TAMS 0x000000074b800000, 0x000000074b800000| Untracked 
| 121|0x000000074b900000, 0x000000074b900000, 0x000000074ba00000|  0%| F|  |TAMS 0x000000074b900000, 0x000000074b900000| Untracked 
| 122|0x000000074ba00000, 0x000000074ba00000, 0x000000074bb00000|  0%| F|  |TAMS 0x000000074ba00000, 0x000000074ba00000| Untracked 
| 123|0x000000074bb00000, 0x000000074bb00000, 0x000000074bc00000|  0%| F|  |TAMS 0x000000074bb00000, 0x000000074bb00000| Untracked 
| 124|0x000000074bc00000, 0x000000074bc00000, 0x000000074bd00000|  0%| F|  |TAMS 0x000000074bc00000, 0x000000074bc00000| Untracked 
| 125|0x000000074bd00000, 0x000000074bd00000, 0x000000074be00000|  0%| F|  |TAMS 0x000000074bd00000, 0x000000074bd00000| Untracked 
| 126|0x000000074be00000, 0x000000074be00000, 0x000000074bf00000|  0%| F|  |TAMS 0x000000074be00000, 0x000000074be00000| Untracked 
| 127|0x000000074bf00000, 0x000000074bf00000, 0x000000074c000000|  0%| F|  |TAMS 0x000000074bf00000, 0x000000074bf00000| Untracked 
| 128|0x000000074c000000, 0x000000074c000000, 0x000000074c100000|  0%| F|  |TAMS 0x000000074c000000, 0x000000074c000000| Untracked 
| 129|0x000000074c100000, 0x000000074c100000, 0x000000074c200000|  0%| F|  |TAMS 0x000000074c100000, 0x000000074c100000| Untracked 
| 130|0x000000074c200000, 0x000000074c200000, 0x000000074c300000|  0%| F|  |TAMS 0x000000074c200000, 0x000000074c200000| Untracked 
| 131|0x000000074c300000, 0x000000074c300000, 0x000000074c400000|  0%| F|  |TAMS 0x000000074c300000, 0x000000074c300000| Untracked 
| 132|0x000000074c400000, 0x000000074c400000, 0x000000074c500000|  0%| F|  |TAMS 0x000000074c400000, 0x000000074c400000| Untracked 
| 133|0x000000074c500000, 0x000000074c500000, 0x000000074c600000|  0%| F|  |TAMS 0x000000074c500000, 0x000000074c500000| Untracked 
| 134|0x000000074c600000, 0x000000074c600000, 0x000000074c700000|  0%| F|  |TAMS 0x000000074c600000, 0x000000074c600000| Untracked 
| 135|0x000000074c700000, 0x000000074c700000, 0x000000074c800000|  0%| F|  |TAMS 0x000000074c700000, 0x000000074c700000| Untracked 
| 136|0x000000074c800000, 0x000000074c800000, 0x000000074c900000|  0%| F|  |TAMS 0x000000074c800000, 0x000000074c800000| Untracked 
| 137|0x000000074c900000, 0x000000074c900000, 0x000000074ca00000|  0%| F|  |TAMS 0x000000074c900000, 0x000000074c900000| Untracked 
| 138|0x000000074ca00000, 0x000000074ca00000, 0x000000074cb00000|  0%| F|  |TAMS 0x000000074ca00000, 0x000000074ca00000| Untracked 
| 139|0x000000074cb00000, 0x000000074cb00000, 0x000000074cc00000|  0%| F|  |TAMS 0x000000074cb00000, 0x000000074cb00000| Untracked 
| 140|0x000000074cc00000, 0x000000074cc00000, 0x000000074cd00000|  0%| F|  |TAMS 0x000000074cc00000, 0x000000074cc00000| Untracked 
| 141|0x000000074cd00000, 0x000000074cd00000, 0x000000074ce00000|  0%| F|  |TAMS 0x000000074cd00000, 0x000000074cd00000| Untracked 
| 142|0x000000074ce00000, 0x000000074ce00000, 0x000000074cf00000|  0%| F|  |TAMS 0x000000074ce00000, 0x000000074ce00000| Untracked 
| 143|0x000000074cf00000, 0x000000074cf00000, 0x000000074d000000|  0%| F|  |TAMS 0x000000074cf00000, 0x000000074cf00000| Untracked 
| 144|0x000000074d000000, 0x000000074d000000, 0x000000074d100000|  0%| F|  |TAMS 0x000000074d000000, 0x000000074d000000| Untracked 
| 145|0x000000074d100000, 0x000000074d100000, 0x000000074d200000|  0%| F|  |TAMS 0x000000074d100000, 0x000000074d100000| Untracked 
| 146|0x000000074d200000, 0x000000074d200000, 0x000000074d300000|  0%| F|  |TAMS 0x000000074d200000, 0x000000074d200000| Untracked 
| 147|0x000000074d300000, 0x000000074d300000, 0x000000074d400000|  0%| F|  |TAMS 0x000000074d300000, 0x000000074d300000| Untracked 
| 148|0x000000074d400000, 0x000000074d400000, 0x000000074d500000|  0%| F|  |TAMS 0x000000074d400000, 0x000000074d400000| Untracked 
| 149|0x000000074d500000, 0x000000074d500000, 0x000000074d600000|  0%| F|  |TAMS 0x000000074d500000, 0x000000074d500000| Untracked 
| 150|0x000000074d600000, 0x000000074d600000, 0x000000074d700000|  0%| F|  |TAMS 0x000000074d600000, 0x000000074d600000| Untracked 
| 151|0x000000074d700000, 0x000000074d700000, 0x000000074d800000|  0%| F|  |TAMS 0x000000074d700000, 0x000000074d700000| Untracked 
| 152|0x000000074d800000, 0x000000074d800000, 0x000000074d900000|  0%| F|  |TAMS 0x000000074d800000, 0x000000074d800000| Untracked 
| 153|0x000000074d900000, 0x000000074d900000, 0x000000074da00000|  0%| F|  |TAMS 0x000000074d900000, 0x000000074d900000| Untracked 
| 154|0x000000074da00000, 0x000000074da00000, 0x000000074db00000|  0%| F|  |TAMS 0x000000074da00000, 0x000000074da00000| Untracked 
| 155|0x000000074db00000, 0x000000074db00000, 0x000000074dc00000|  0%| F|  |TAMS 0x000000074db00000, 0x000000074db00000| Untracked 
| 156|0x000000074dc00000, 0x000000074dc00000, 0x000000074dd00000|  0%| F|  |TAMS 0x000000074dc00000, 0x000000074dc00000| Untracked 
| 157|0x000000074dd00000, 0x000000074dd00000, 0x000000074de00000|  0%| F|  |TAMS 0x000000074dd00000, 0x000000074dd00000| Untracked 
| 158|0x000000074de00000, 0x000000074de00000, 0x000000074df00000|  0%| F|  |TAMS 0x000000074de00000, 0x000000074de00000| Untracked 
| 159|0x000000074df00000, 0x000000074df00000, 0x000000074e000000|  0%| F|  |TAMS 0x000000074df00000, 0x000000074df00000| Untracked 
| 160|0x000000074e000000, 0x000000074e000000, 0x000000074e100000|  0%| F|  |TAMS 0x000000074e000000, 0x000000074e000000| Untracked 
| 161|0x000000074e100000, 0x000000074e100000, 0x000000074e200000|  0%| F|  |TAMS 0x000000074e100000, 0x000000074e100000| Untracked 
| 162|0x000000074e200000, 0x000000074e200000, 0x000000074e300000|  0%| F|  |TAMS 0x000000074e200000, 0x000000074e200000| Untracked 
| 163|0x000000074e300000, 0x000000074e300000, 0x000000074e400000|  0%| F|  |TAMS 0x000000074e300000, 0x000000074e300000| Untracked 
| 164|0x000000074e400000, 0x000000074e400000, 0x000000074e500000|  0%| F|  |TAMS 0x000000074e400000, 0x000000074e400000| Untracked 
| 165|0x000000074e500000, 0x000000074e500000, 0x000000074e600000|  0%| F|  |TAMS 0x000000074e500000, 0x000000074e500000| Untracked 
| 166|0x000000074e600000, 0x000000074e600000, 0x000000074e700000|  0%| F|  |TAMS 0x000000074e600000, 0x000000074e600000| Untracked 
| 167|0x000000074e700000, 0x000000074e700000, 0x000000074e800000|  0%| F|  |TAMS 0x000000074e700000, 0x000000074e700000| Untracked 
| 168|0x000000074e800000, 0x000000074e800000, 0x000000074e900000|  0%| F|  |TAMS 0x000000074e800000, 0x000000074e800000| Untracked 
| 169|0x000000074e900000, 0x000000074e900000, 0x000000074ea00000|  0%| F|  |TAMS 0x000000074e900000, 0x000000074e900000| Untracked 
| 170|0x000000074ea00000, 0x000000074ea00000, 0x000000074eb00000|  0%| F|  |TAMS 0x000000074ea00000, 0x000000074ea00000| Untracked 
| 171|0x000000074eb00000, 0x000000074eb00000, 0x000000074ec00000|  0%| F|  |TAMS 0x000000074eb00000, 0x000000074eb00000| Untracked 
| 172|0x000000074ec00000, 0x000000074ed00000, 0x000000074ed00000|100%| S|CS|TAMS 0x000000074ec00000, 0x000000074ec00000| Complete 
| 173|0x000000074ed00000, 0x000000074ee00000, 0x000000074ee00000|100%| S|CS|TAMS 0x000000074ed00000, 0x000000074ed00000| Complete 
| 174|0x000000074ee00000, 0x000000074ee00000, 0x000000074ef00000|  0%| F|  |TAMS 0x000000074ee00000, 0x000000074ee00000| Untracked 
| 175|0x000000074ef00000, 0x000000074ef00000, 0x000000074f000000|  0%| F|  |TAMS 0x000000074ef00000, 0x000000074ef00000| Untracked 
| 176|0x000000074f000000, 0x000000074f000000, 0x000000074f100000|  0%| F|  |TAMS 0x000000074f000000, 0x000000074f000000| Untracked 
| 177|0x000000074f100000, 0x000000074f100000, 0x000000074f200000|  0%| F|  |TAMS 0x000000074f100000, 0x000000074f100000| Untracked 
| 178|0x000000074f200000, 0x000000074f200000, 0x000000074f300000|  0%| F|  |TAMS 0x000000074f200000, 0x000000074f200000| Untracked 
| 179|0x000000074f300000, 0x000000074f300000, 0x000000074f400000|  0%| F|  |TAMS 0x000000074f300000, 0x000000074f300000| Untracked 
| 180|0x000000074f400000, 0x000000074f400000, 0x000000074f500000|  0%| F|  |TAMS 0x000000074f400000, 0x000000074f400000| Untracked 
| 181|0x000000074f500000, 0x000000074f500000, 0x000000074f600000|  0%| F|  |TAMS 0x000000074f500000, 0x000000074f500000| Untracked 
| 182|0x000000074f600000, 0x000000074f600000, 0x000000074f700000|  0%| F|  |TAMS 0x000000074f600000, 0x000000074f600000| Untracked 
| 183|0x000000074f700000, 0x000000074f700000, 0x000000074f800000|  0%| F|  |TAMS 0x000000074f700000, 0x000000074f700000| Untracked 
| 184|0x000000074f800000, 0x000000074f800000, 0x000000074f900000|  0%| F|  |TAMS 0x000000074f800000, 0x000000074f800000| Untracked 
| 185|0x000000074f900000, 0x000000074f980800, 0x000000074fa00000| 50%| E|  |TAMS 0x000000074f900000, 0x000000074f900000| Complete 
| 186|0x000000074fa00000, 0x000000074fb00000, 0x000000074fb00000|100%| E|CS|TAMS 0x000000074fa00000, 0x000000074fa00000| Complete 
| 187|0x000000074fb00000, 0x000000074fc00000, 0x000000074fc00000|100%| E|CS|TAMS 0x000000074fb00000, 0x000000074fb00000| Complete 

Card table byte_map: [0x0000017ff2f00000,0x0000017ff34e0000] _byte_map_base: 0x0000017fef4e0000

Marking Bits (Prev, Next): (CMBitMap*) 0x0000017fdb0b2f08, (CMBitMap*) 0x0000017fdb0b2f40
 Prev Bits: [0x0000017ff3ac0000, 0x0000017ff69c0000)
 Next Bits: [0x0000017ff69c0000, 0x0000017ff98c0000)

Polling page: 0x0000017fd8f60000

Metaspace:

Usage:
  Non-class:     10.07 MB capacity,     9.97 MB ( 99%) used,    91.91 KB ( <1%) free+waste,    13.31 KB ( <1%) overhead. 
      Class:      1.12 MB capacity,     1.03 MB ( 92%) used,    85.34 KB (  7%) free+waste,     6.19 KB ( <1%) overhead. 
       Both:     11.19 MB capacity,    11.00 MB ( 98%) used,   177.26 KB (  2%) free+waste,    19.50 KB ( <1%) overhead. 

Virtual space:
  Non-class space:       12.00 MB reserved,      10.25 MB ( 85%) committed 
      Class space:        1.00 GB reserved,       1.13 MB ( <1%) committed 
             Both:        1.01 GB reserved,      11.38 MB (  1%) committed 

Chunk freelists:
   Non-Class:  57.00 KB
       Class:  6.00 KB
        Both:  63.00 KB

MaxMetaspaceSize: 17179869184.00 GB
CompressedClassSpaceSize: 1.00 GB
Initial GC threshold: 20.80 MB
Current GC threshold: 20.80 MB
CDS: off

CodeHeap 'non-profiled nmethods': size=120064Kb used=257Kb max_used=257Kb free=119806Kb
 bounds [0x0000017feb3e0000, 0x0000017feb650000, 0x0000017ff2920000]
CodeHeap 'profiled nmethods': size=120000Kb used=1636Kb max_used=1636Kb free=118363Kb
 bounds [0x0000017fe3eb0000, 0x0000017fe4120000, 0x0000017feb3e0000]
CodeHeap 'non-nmethods': size=5696Kb used=1150Kb max_used=1155Kb free=4546Kb
 bounds [0x0000017fe3920000, 0x0000017fe3b90000, 0x0000017fe3eb0000]
 total_blobs=1221 nmethods=827 adapters=307
 compilation: enabled
              stopped_count=0, restarted_count=0
 full_count=0

Compilation events (20 events):
Event: 0.746 Thread 0x0000017ffc67b800  803       3       java.nio.MappedByteBuffer::position (6 bytes)
Event: 0.747 Thread 0x0000017ffc67b800 nmethod 803 0x0000017fe4039410 code [0x0000017fe40395e0, 0x0000017fe40397e8]
Event: 0.747 Thread 0x0000017ffc67b800  804       3       java.nio.DirectByteBuffer::<init> (35 bytes)
Event: 0.747 Thread 0x0000017ffc67b800 nmethod 804 0x0000017fe4039910 code [0x0000017fe4039b00, 0x0000017fe4039ef8]
Event: 0.747 Thread 0x0000017ffc67b800  806   !   3       jdk.internal.jimage.BasicImageReader::slice (32 bytes)
Event: 0.747 Thread 0x0000017ffc67b800 nmethod 806 0x0000017fe403a090 code [0x0000017fe403a280, 0x0000017fe403a788]
Event: 0.747 Thread 0x0000017ffc67b800  805       3       jdk.internal.jimage.ImageStringsReader::hashCode (31 bytes)
Event: 0.747 Thread 0x0000017ffc67b800 nmethod 805 0x0000017fe403a910 code [0x0000017fe403ab00, 0x0000017fe403acb8]
Event: 0.748 Thread 0x0000017ffc67b800  807       3       java.nio.DirectByteBufferR::<init> (19 bytes)
Event: 0.748 Thread 0x0000017ffc67b800 nmethod 807 0x0000017fe403ad90 code [0x0000017fe403af80, 0x0000017fe403b3d8]
Event: 0.748 Thread 0x0000017ffc67b800  808       3       java.nio.DirectByteBufferR::slice (62 bytes)
Event: 0.748 Thread 0x0000017ffc67b800 nmethod 808 0x0000017fe403b610 code [0x0000017fe403b7e0, 0x0000017fe403baa8]
Event: 0.749 Thread 0x0000017ffc67b800  809       3       java.lang.invoke.MethodHandle::<init> (37 bytes)
Event: 0.750 Thread 0x0000017ffc67b800 nmethod 809 0x0000017fe403bc10 code [0x0000017fe403be20, 0x0000017fe403c398]
Event: 0.750 Thread 0x0000017ffc67b800  810       3       java.lang.invoke.LambdaForm::prepare (112 bytes)
Event: 0.750 Thread 0x0000017ffc67b800 nmethod 810 0x0000017fe403c610 code [0x0000017fe403c840, 0x0000017fe403ce38]
Event: 0.750 Thread 0x0000017ffc67b800  813       3       java.lang.invoke.DirectMethodHandle::internalMemberName (8 bytes)
Event: 0.751 Thread 0x0000017ffc67b800 nmethod 813 0x0000017fe403d090 code [0x0000017fe403d240, 0x0000017fe403d438]
Event: 0.751 Thread 0x0000017ffc67b800  812       3       java.util.ArrayList$Itr::checkForComodification (23 bytes)
Event: 0.751 Thread 0x0000017ffc67b800 nmethod 812 0x0000017fe403d510 code [0x0000017fe403d6e0, 0x0000017fe403d8a8]

GC Heap History (2 events):
Event: 0.705 GC heap before
{Heap before GC invocations=0 (full 0):
 garbage-first heap   total 192512K, used 14336K [0x0000000744000000, 0x0000000800000000)
  region size 1024K, 14 young (14336K), 0 survivors (0K)
 Metaspace       used 10507K, capacity 10619K, committed 10880K, reserved 1058816K
  class space    used 966K, capacity 1037K, committed 1152K, reserved 1048576K
}
Event: 0.711 GC heap after
{Heap after GC invocations=1 (full 0):
 garbage-first heap   total 192512K, used 2963K [0x0000000744000000, 0x0000000800000000)
  region size 1024K, 2 young (2048K), 2 survivors (2048K)
 Metaspace       used 10507K, capacity 10619K, committed 10880K, reserved 1058816K
  class space    used 966K, capacity 1037K, committed 1152K, reserved 1048576K
}

Deoptimization events (20 events):
Event: 0.146 Thread 0x0000017fdb060000 DEOPT PACKING pc=0x0000017feb3e5120 sp=0x00000023443fd4c0
Event: 0.146 Thread 0x0000017fdb060000 DEOPT UNPACKING pc=0x0000017fe39285af sp=0x00000023443fd458 mode 2
Event: 0.309 Thread 0x0000017fdb060000 DEOPT PACKING pc=0x0000017fe3ef7668 sp=0x00000023443fa7b0
Event: 0.309 Thread 0x0000017fdb060000 DEOPT UNPACKING pc=0x0000017fe3969d0e sp=0x00000023443f9c08 mode 0
Event: 0.325 Thread 0x0000017fdb060000 DEOPT PACKING pc=0x0000017fe3f03dea sp=0x00000023443faab0
Event: 0.325 Thread 0x0000017fdb060000 DEOPT UNPACKING pc=0x0000017fe3969d0e sp=0x00000023443f9f28 mode 0
Event: 0.484 Thread 0x0000017fdb060000 DEOPT PACKING pc=0x0000017fe3f0b7ff sp=0x00000023443f9890
Event: 0.484 Thread 0x0000017fdb060000 DEOPT UNPACKING pc=0x0000017fe3969d0e sp=0x00000023443f8d08 mode 0
Event: 0.581 Thread 0x0000017fdb060000 Uncommon trap: trap_request=0xffffff4d fr.pc=0x0000017feb3f1a80 relative=0x00000000000003c0
Event: 0.581 Thread 0x0000017fdb060000 Uncommon trap: reason=unstable_if action=reinterpret pc=0x0000017feb3f1a80 method=java.lang.StringLatin1.canEncode(I)Z @ 4 c2
Event: 0.581 Thread 0x0000017fdb060000 DEOPT PACKING pc=0x0000017feb3f1a80 sp=0x00000023443fda70
Event: 0.581 Thread 0x0000017fdb060000 DEOPT UNPACKING pc=0x0000017fe39285af sp=0x00000023443fd998 mode 2
Event: 0.581 Thread 0x0000017fdb060000 Uncommon trap: trap_request=0xffffff4d fr.pc=0x0000017feb3f27e8 relative=0x00000000000003a8
Event: 0.581 Thread 0x0000017fdb060000 Uncommon trap: reason=unstable_if action=reinterpret pc=0x0000017feb3f27e8 method=java.lang.AbstractStringBuilder.isLatin1()Z @ 10 c2
Event: 0.581 Thread 0x0000017fdb060000 DEOPT PACKING pc=0x0000017feb3f27e8 sp=0x00000023443fda80
Event: 0.581 Thread 0x0000017fdb060000 DEOPT UNPACKING pc=0x0000017fe39285af sp=0x00000023443fda00 mode 2
Event: 0.587 Thread 0x0000017fdb060000 Uncommon trap: trap_request=0xffffff4d fr.pc=0x0000017feb3ecbd4 relative=0x0000000000000034
Event: 0.587 Thread 0x0000017fdb060000 Uncommon trap: reason=unstable_if action=reinterpret pc=0x0000017feb3ecbd4 method=java.lang.StringLatin1.canEncode(I)Z @ 4 c2
Event: 0.587 Thread 0x0000017fdb060000 DEOPT PACKING pc=0x0000017feb3ecbd4 sp=0x00000023443fda10
Event: 0.587 Thread 0x0000017fdb060000 DEOPT UNPACKING pc=0x0000017fe39285af sp=0x00000023443fd9a0 mode 2

Classes redefined (0 events):
No events

Internal exceptions (15 events):
Event: 0.220 Thread 0x0000017fdb060000 Exception <a 'java/lang/NoSuchMethodError'{0x000000074fa928d8}: 'int java.lang.invoke.DirectMethodHandle$Holder.invokeStatic(java.lang.Object, java.lang.Object, java.lang.Object, java.lang.Object, java.lang.Object)'> (0x000000074fa928d8) thrown at [s\src\hotspot\share\interpreter\linkResolver.cpp, line 773]
Event: 0.336 Thread 0x0000017fdb060000 Exception <a 'java/lang/NoSuchMethodError'{0x000000074f72e0f8}: 'int java.lang.invoke.DirectMethodHandle$Holder.invokeSpecialIFC(java.lang.Object, java.lang.Object, int)'> (0x000000074f72e0f8) thrown at [s\src\hotspot\share\interpreter\linkResolver.cpp, line 773]
Event: 0.353 Thread 0x0000017fdb060000 Exception <a 'java/lang/NullPointerException'{0x000000074f7b6b20}> (0x000000074f7b6b20) thrown at [s\src\hotspot\share\interpreter\linkResolver.cpp, line 1358]
Event: 0.365 Thread 0x0000017fdb060000 Exception <a 'java/lang/NoSuchMethodError'{0x000000074f6145a8}: 'void java.lang.invoke.DirectMethodHandle$Holder.invokeStatic(java.lang.Object, long, java.lang.Object)'> (0x000000074f6145a8) thrown at [s\src\hotspot\share\interpreter\linkResolver.cpp, line 773]
Event: 0.367 Thread 0x0000017fdb060000 Exception <a 'java/lang/NoSuchMethodError'{0x000000074f61e8b0}: 'java.lang.Object java.lang.invoke.DirectMethodHandle$Holder.invokeStatic(java.lang.Object, long, java.lang.Object)'> (0x000000074f61e8b0) thrown at [s\src\hotspot\share\interpreter\linkResolver.cpp, line 773]
Event: 0.368 Thread 0x0000017fdb060000 Exception <a 'java/lang/NullPointerException'{0x000000074f6291a0}> (0x000000074f6291a0) thrown at [s\src\hotspot\share\interpreter\linkResolver.cpp, line 1358]
Event: 0.368 Thread 0x0000017fdb060000 Exception <a 'java/lang/NullPointerException'{0x000000074f629470}> (0x000000074f629470) thrown at [s\src\hotspot\share\interpreter\linkResolver.cpp, line 1358]
Event: 0.368 Thread 0x0000017fdb060000 Exception <a 'java/lang/NullPointerException'{0x000000074f629740}> (0x000000074f629740) thrown at [s\src\hotspot\share\interpreter\linkResolver.cpp, line 1358]
Event: 0.370 Thread 0x0000017fdb060000 Exception <a 'java/lang/NullPointerException'{0x000000074f634190}> (0x000000074f634190) thrown at [s\src\hotspot\share\interpreter\linkResolver.cpp, line 1358]
Event: 0.374 Thread 0x0000017fdb060000 Exception <a 'java/lang/NullPointerException'{0x000000074f6504a0}> (0x000000074f6504a0) thrown at [s\src\hotspot\share\interpreter\linkResolver.cpp, line 1358]
Event: 0.374 Thread 0x0000017fdb060000 Exception <a 'java/lang/NullPointerException'{0x000000074f650770}> (0x000000074f650770) thrown at [s\src\hotspot\share\interpreter\linkResolver.cpp, line 1358]
Event: 0.374 Thread 0x0000017fdb060000 Exception <a 'java/lang/NullPointerException'{0x000000074f650a40}> (0x000000074f650a40) thrown at [s\src\hotspot\share\interpreter\linkResolver.cpp, line 1358]
Event: 0.374 Thread 0x0000017fdb060000 Exception <a 'java/lang/NullPointerException'{0x000000074f650d10}> (0x000000074f650d10) thrown at [s\src\hotspot\share\interpreter\linkResolver.cpp, line 1358]
Event: 0.393 Thread 0x0000017fdb060000 Exception <a 'java/lang/NoSuchMethodError'{0x000000074f51c6c0}: 'void java.lang.invoke.DirectMethodHandle$Holder.invokeStaticInit(java.lang.Object, java.lang.Object)'> (0x000000074f51c6c0) thrown at [s\src\hotspot\share\interpreter\linkResolver.cpp, line 773]
Event: 0.512 Thread 0x0000017fdb060000 Exception <a 'java/lang/NoSuchMethodError'{0x000000074f20e0b0}: 'java.lang.Object java.lang.invoke.DirectMethodHandle$Holder.invokeSpecialIFC(java.lang.Object, java.lang.Object, java.lang.Object, java.lang.Object)'> (0x000000074f20e0b0) thrown at [s\src\hotspot\share\interpreter\linkResolver.cpp, line 773]

Events (20 events):
Event: 0.755 loading class com/google/inject/internal/Errors
Event: 0.755 loading class com/google/inject/internal/Errors done
Event: 0.756 loading class com/google/inject/ConfigurationException
Event: 0.756 loading class com/google/inject/ConfigurationException done
Event: 0.758 loading class com/google/inject/CreationException
Event: 0.758 loading class com/google/inject/CreationException done
Event: 0.758 loading class com/google/inject/spi/ErrorDetail
Event: 0.758 loading class com/google/inject/spi/ErrorDetail done
Event: 0.760 loading class com/google/inject/internal/MissingImplementationError
Event: 0.760 loading class com/google/inject/internal/MissingImplementationError done
Event: 0.760 loading class com/google/inject/internal/InternalErrorDetail
Event: 0.760 loading class com/google/inject/internal/InternalErrorDetail done
Event: 0.769 loading class com/google/inject/internal/ChildBindingAlreadySetError
Event: 0.769 loading class com/google/inject/internal/ChildBindingAlreadySetError done
Event: 0.770 loading class com/google/inject/internal/ScopeNotFoundError
Event: 0.770 loading class com/google/inject/internal/ScopeNotFoundError done
Event: 0.773 loading class com/google/inject/internal/DuplicateMapKeyError
Event: 0.773 loading class com/google/inject/internal/DuplicateMapKeyError done
Event: 0.774 loading class com/google/inject/internal/MissingConstructorError
Event: 0.774 loading class com/google/inject/internal/MissingConstructorError done


Dynamic libraries:
0x00007ff6ecd40000 - 0x00007ff6ecd4d000 	C:\Program Files\Zulu\zulu-11\bin\java.exe
0x00007ffc463f0000 - 0x00007ffc46607000 	C:\WINDOWS\SYSTEM32\ntdll.dll
0x00007ffc45420000 - 0x00007ffc454e4000 	C:\WINDOWS\System32\KERNEL32.DLL
0x00007ffc43580000 - 0x00007ffc43953000 	C:\WINDOWS\System32\KERNELBASE.dll
0x00007ffc43da0000 - 0x00007ffc43eb1000 	C:\WINDOWS\System32\ucrtbase.dll
0x00007ffc24d30000 - 0x00007ffc24d49000 	C:\Program Files\Zulu\zulu-11\bin\jli.dll
0x00007ffc461f0000 - 0x00007ffc463a1000 	C:\WINDOWS\System32\USER32.dll
0x00007ffc43c40000 - 0x00007ffc43c66000 	C:\WINDOWS\System32\win32u.dll
0x00007ffc440a0000 - 0x00007ffc440c9000 	C:\WINDOWS\System32\GDI32.dll
0x00007ffc43c70000 - 0x00007ffc43d94000 	C:\WINDOWS\System32\gdi32full.dll
0x00007ffc434e0000 - 0x00007ffc4357a000 	C:\WINDOWS\System32\msvcp_win.dll
0x00007ffc24e10000 - 0x00007ffc24e2e000 	C:\Program Files\Zulu\zulu-11\bin\VCRUNTIME140.dll
0x00007ffc30f10000 - 0x00007ffc311ab000 	C:\WINDOWS\WinSxS\amd64_microsoft.windows.common-controls_6595b64144ccf1df_6.0.22621.5240_none_2710eadf7384a318\COMCTL32.dll
0x00007ffc45990000 - 0x00007ffc45a37000 	C:\WINDOWS\System32\msvcrt.dll
0x00007ffc453d0000 - 0x00007ffc45401000 	C:\WINDOWS\System32\IMM32.DLL
0x00007ffc2ec00000 - 0x00007ffc2ec0c000 	C:\Program Files\Zulu\zulu-11\bin\vcruntime140_1.dll
0x00007ffc1ba60000 - 0x00007ffc1baed000 	C:\Program Files\Zulu\zulu-11\bin\msvcp140.dll
0x00007ffbb1910000 - 0x00007ffbb24aa000 	C:\Program Files\Zulu\zulu-11\bin\server\jvm.dll
0x00007ffc45e90000 - 0x00007ffc45f41000 	C:\WINDOWS\System32\ADVAPI32.dll
0x00007ffc46040000 - 0x00007ffc460e7000 	C:\WINDOWS\System32\sechost.dll
0x00007ffc43c10000 - 0x00007ffc43c38000 	C:\WINDOWS\System32\bcrypt.dll
0x00007ffc45d70000 - 0x00007ffc45e84000 	C:\WINDOWS\System32\RPCRT4.dll
0x00007ffc46170000 - 0x00007ffc461e1000 	C:\WINDOWS\System32\WS2_32.dll
0x00007ffc45410000 - 0x00007ffc45418000 	C:\WINDOWS\System32\PSAPI.DLL
0x00007ffc3d5d0000 - 0x00007ffc3d604000 	C:\WINDOWS\SYSTEM32\WINMM.dll
0x00007ffc3d5c0000 - 0x00007ffc3d5ca000 	C:\WINDOWS\SYSTEM32\VERSION.dll
0x00007ffc42520000 - 0x00007ffc42538000 	C:\WINDOWS\SYSTEM32\kernel.appcore.dll
0x00007ffc25090000 - 0x00007ffc250a0000 	C:\Program Files\Zulu\zulu-11\bin\verify.dll
0x00007ffc40fc0000 - 0x00007ffc411f2000 	C:\WINDOWS\SYSTEM32\DBGHELP.DLL
0x00007ffc44e80000 - 0x00007ffc45213000 	C:\WINDOWS\System32\combase.dll
0x00007ffc45f50000 - 0x00007ffc46027000 	C:\WINDOWS\System32\OLEAUT32.dll
0x00007ffc272e0000 - 0x00007ffc27312000 	C:\WINDOWS\SYSTEM32\dbgcore.DLL
0x00007ffc43f80000 - 0x00007ffc43ffb000 	C:\WINDOWS\System32\bcryptPrimitives.dll
0x00007ffc23190000 - 0x00007ffc231b8000 	C:\Program Files\Zulu\zulu-11\bin\java.dll
0x00007ffc24ed0000 - 0x00007ffc24eda000 	C:\Program Files\Zulu\zulu-11\bin\jimage.dll
0x00007ffc1fb50000 - 0x00007ffc1fb68000 	C:\Program Files\Zulu\zulu-11\bin\zip.dll
0x00007ffc44460000 - 0x00007ffc44d02000 	C:\WINDOWS\System32\SHELL32.dll
0x00007ffc43960000 - 0x00007ffc43a9f000 	C:\WINDOWS\System32\wintypes.dll
0x00007ffc41420000 - 0x00007ffc41d3d000 	C:\WINDOWS\SYSTEM32\windows.storage.dll
0x00007ffc44d70000 - 0x00007ffc44e7b000 	C:\WINDOWS\System32\SHCORE.dll
0x00007ffc443a0000 - 0x00007ffc44409000 	C:\WINDOWS\System32\shlwapi.dll
0x00007ffc43410000 - 0x00007ffc4343b000 	C:\WINDOWS\SYSTEM32\profapi.dll
0x00007ffc1f060000 - 0x00007ffc1f079000 	C:\Program Files\Zulu\zulu-11\bin\net.dll
0x00007ffc3cdd0000 - 0x00007ffc3cefc000 	C:\WINDOWS\SYSTEM32\WINHTTP.dll
0x00007ffc429a0000 - 0x00007ffc42a0a000 	C:\WINDOWS\system32\mswsock.dll
0x00007ffc1f040000 - 0x00007ffc1f053000 	C:\Program Files\Zulu\zulu-11\bin\nio.dll
0x00007ffc2e2e0000 - 0x00007ffc2e304000 	C:\Users\AMIT\.m2\wrapper\dists\apache-maven-3.9.10\a38810a491b03367137adfdfbe7d14c4\lib\jansi-native\Windows\x86_64\jansi.dll

dbghelp: loaded successfully - version: 4.0.5 - missing functions: none
symbol engine: initialized successfully - sym options: 0x614 - pdb path: .;C:\Program Files\Zulu\zulu-11\bin;C:\WINDOWS\SYSTEM32;C:\WINDOWS\WinSxS\amd64_microsoft.windows.common-controls_6595b64144ccf1df_6.0.22621.5240_none_2710eadf7384a318;C:\Program Files\Zulu\zulu-11\bin\server;C:\Users\AMIT\.m2\wrapper\dists\apache-maven-3.9.10\a38810a491b03367137adfdfbe7d14c4\lib\jansi-native\Windows\x86_64

VM Arguments:
jvm_args: -Dclassworlds.conf=C:\Users\AMIT\.m2\wrapper\dists\apache-maven-3.9.10\a38810a491b03367137adfdfbe7d14c4\bin\m2.conf -Dmaven.home=C:\Users\AMIT\.m2\wrapper\dists\apache-maven-3.9.10\a38810a491b03367137adfdfbe7d14c4 -Dlibrary.jansi.path=C:\Users\AMIT\.m2\wrapper\dists\apache-maven-3.9.10\a38810a491b03367137adfdfbe7d14c4\lib\jansi-native -Dmaven.multiModuleProjectDirectory=E:\Spring Boot Tutorial\RestApi\journalApp 
java_command: org.codehaus.plexus.classworlds.launcher.Launcher clean install -DskipTests
java_class_path (initial): C:\Users\AMIT\.m2\wrapper\dists\apache-maven-3.9.10\a38810a491b03367137adfdfbe7d14c4\boot\plexus-classworlds-2.9.0.jar
Launcher Type: SUN_STANDARD

[Global flags]
     intx CICompilerCount                          = 3                                         {product} {ergonomic}
     uint ConcGCThreads                            = 1                                         {product} {ergonomic}
     uint G1ConcRefinementThreads                  = 4                                         {product} {ergonomic}
   size_t G1HeapRegionSize                         = 1048576                                   {product} {ergonomic}
    uintx GCDrainStackTargetSize                   = 64                                        {product} {ergonomic}
   size_t InitialHeapSize                          = 197132288                                 {product} {ergonomic}
   size_t MarkStackSize                            = 4194304                                   {product} {ergonomic}
   size_t MaxHeapSize                              = 3154116608                                {product} {ergonomic}
   size_t MaxNewSize                               = 1891631104                                {product} {ergonomic}
   size_t MinHeapDeltaBytes                        = 1048576                                   {product} {ergonomic}
    uintx NonNMethodCodeHeapSize                   = 5830732                                {pd product} {ergonomic}
    uintx NonProfiledCodeHeapSize                  = 122913754                              {pd product} {ergonomic}
    uintx ProfiledCodeHeapSize                     = 122913754                              {pd product} {ergonomic}
    uintx ReservedCodeCacheSize                    = 251658240                              {pd product} {ergonomic}
     bool SegmentedCodeCache                       = true                                      {product} {ergonomic}
     bool UseCompressedClassPointers               = true                                 {lp64_product} {ergonomic}
     bool UseCompressedOops                        = true                                 {lp64_product} {ergonomic}
     bool UseG1GC                                  = true                                      {product} {ergonomic}
     bool UseLargePagesIndividualAllocation        = false                                  {pd product} {ergonomic}

Logging:
Log output configuration:
 #0: stdout all=warning uptime,level,tags
 #1: stderr all=off uptime,level,tags

Environment Variables:
JAVA_HOME=C:\Program Files\Zulu\zulu-11
PATH=C:\Program Files\Zulu\zulu-11\bin;c:\Users\AMIT\AppData\Local\Programs\cursor\resources\app\bin;C:\WINDOWS\system32;C:\WINDOWS;C:\WINDOWS\System32\Wbem;C:\WINDOWS\System32\WindowsPowerShell\v1.0\;C:\WINDOWS\System32\OpenSSH\;C:\MinGW\bin;C:\Users\AMIT\AppData\Local\Android\Sdk;C:\Users\AMIT\AppData\Local\Android\Sdk\emulator;C:\Users\AMIT\AppData\Local\Android\Sdk\build-tools;C:\Users\AMIT\AppData\Local\Android\Sdk\platform-tools;C:\Users\AMIT\AppData\Roaming\npm;C:\Program Files\Git\cmd;C:\Program Files\MongoDB\Server\7.0\bin;C:\mongosh\mongosh-1.10.5-win32-x64\bin;C:\Users\AMIT\AppData\Local\Programs\Python\Python311\Scripts\;C:\Users\AMIT\AppData\Local\Programs\Python\Python311\;C:\Users\AMIT\AppData\Local\Microsoft\WindowsApps;C:\Users\AMIT\AppData\Roaming\npm;C:\Users\AMIT\AppData\Local\Microsoft\WindowsApps;c:\Users\AMIT\AppData\;C:\Program Files\nodejs\;C:\apache-maven-3.9.9\bin;C:\Program Files\Zulu\zulu-11\bin;C:\Program Files\Zulu\zulu-11\bin;c:\Users\AMIT\AppData\Local\Programs\cursor\resources\app\bin;C:\WINDOWS\system32;C:\WINDOWS;C:\WINDOWS\System32\Wbem;C:\WINDOWS\System32\WindowsPowerShell\v1.0\;C:\WINDOWS\System32\OpenSSH\;C:\MinGW\bin;C:\Users\AMIT\AppData\Local\Android\Sdk;C:\Users\AMIT\AppData\Local\Android\Sdk\emulator;C:\Users\AMIT\AppData\Local\Android\Sdk\build-tools;C:\Users\AMIT\AppData\Local\Android\Sdk\platform-tools;C:\Users\AMIT\AppData\Roaming\npm;C:\Program Files\Git\cmd;C:\Program Files\MongoDB\Server\7.0\bin;C:\mongosh\mongosh-1.10.5-win32-x64\bin;C:\Users\AMIT\AppData\Local\Programs\Python\Python311\Scripts\;C:\Users\AMIT\AppData\Local\Programs\Python\Python311\;C:\Users\AMIT\AppData\Local\Microsoft\WindowsApps;C:\Users\AMIT\AppData\Roaming\npm;C:\Users\AMIT\AppData\Local\Microsoft\WindowsApps;c:\Users\AMIT\AppData\;C:\Program Files\nodejs\;C:\apache-maven-3.9.9\bin;
USERNAME=AMIT
OS=Windows_NT
PROCESSOR_IDENTIFIER=Intel64 Family 6 Model 126 Stepping 5, GenuineIntel
TMP=C:\Users\AMIT\AppData\Local\Temp
TEMP=C:\Users\AMIT\AppData\Local\Temp



---------------  S Y S T E M  ---------------

OS: Windows 11 , 64 bit Build 22621 (10.0.22621.5305)
OS uptime: 0 days 2:57 hours

CPU:total 4 (initial active 4) (2 cores per cpu, 2 threads per core) family 6 model 126 stepping 5 microcode 0xa6, cmov, cx8, fxsr, mmx, sse, sse2, sse3, ssse3, sse4.1, sse4.2, popcnt, avx, avx2, aes, clmul, erms, 3dnowpref, lzcnt, ht, tsc, tscinvbit, bmi1, bmi2, adx, evex, sha, fma

Memory: 4k page, system-wide physical 12027M (2276M free)
TotalPageFile size 12027M (AvailPageFile size 2M)
current process WorkingSet (physical memory assigned to process): 78M, peak: 78M
current process commit charge ("private bytes"): 282M, peak: 282M

vm_info: OpenJDK 64-Bit Server VM (11.0.28+6-LTS) for windows-amd64 JRE (Zulu11.82+19-CA) (11.0.28+6-LTS), built on Jul  2 2025 12:05:58 by "zulu_re" with MS VC++ 15.9 (VS2017)

END.
