#
# A fatal error has been detected by the Java Runtime Environment:
#
#  EXCEPTION_ACCESS_VIOLATION (0xc0000005) at pc=0x00007ffc24e21899, pid=9980, tid=12612
#
# JRE version:  (11.0.28+6) (build )
# Java VM: OpenJDK 64-Bit Server VM (11.0.28+6-LTS, mixed mode, tiered, compressed oops, g1 gc, windows-amd64)
# Problematic frame:
# C  [VCRUNTIME140.dll+0x11899]
#
# No core dump will be written. Minidumps are not enabled by default on client versions of Windows
#
#

---------------  S U M M A R Y ------------

Command Line: -Dclassworlds.conf=C:\Users\AMIT\.m2\wrapper\dists\apache-maven-3.9.10\a38810a491b03367137adfdfbe7d14c4\bin\m2.conf -Dmaven.home=C:\Users\AMIT\.m2\wrapper\dists\apache-maven-3.9.10\a38810a491b03367137adfdfbe7d14c4 -Dlibrary.jansi.path=C:\Users\AMIT\.m2\wrapper\dists\apache-maven-3.9.10\a38810a491b03367137adfdfbe7d14c4\lib\jansi-native -Dmaven.multiModuleProjectDirectory=E:\Spring Boot Tutorial\RestApi\journalApp org.codehaus.plexus.classworlds.launcher.Launcher clean install -DskipTests

Host: Intel(R) Core(TM) i3-1005G1 CPU @ 1.20GHz, 4 cores, 11G,  Windows 11 , 64 bit Build 22621 (10.0.22621.5305)
Time: Tue Jul 29 23:58:36 2025 India Standard Time elapsed time: 0.028013 seconds (0d 0h 0m 0s)

---------------  T H R E A D  ---------------

Current thread (0x0000014606a61000):  JavaThread "Unknown thread" [_thread_in_vm, id=12612, stack(0x0000000100600000,0x0000000100700000)]

Stack: [0x0000000100600000,0x0000000100700000],  sp=0x00000001006ff4a0,  free space=1021k
Native frames: (J=compiled Java code, j=interpreted, Vv=VM code, C=native code)
C  [VCRUNTIME140.dll+0x11899]
V  [jvm.dll+0x619f39]
V  [jvm.dll+0x7b8e88]
V  [jvm.dll+0x7b82f0]
V  [jvm.dll+0x5d3d35]
V  [jvm.dll+0x5d4c91]
V  [jvm.dll+0x798855]
V  [jvm.dll+0x3686d9]
V  [jvm.dll+0x779dd0]
V  [jvm.dll+0x3da29f]
V  [jvm.dll+0x3dc6b1]
C  [jli.dll+0x5367]
C  [ucrtbase.dll+0x29333]
C  [KERNEL32.DLL+0x1259d]
C  [ntdll.dll+0x5af78]


siginfo: EXCEPTION_ACCESS_VIOLATION (0xc0000005), writing address 0x0000000000000000


Registers:
RAX=0x0000000000000000, RBX=0x0000014606ac2910, RCX=0x0000000000020000, RDX=0x0000000000000000
RSP=0x00000001006ff4a0, RBP=0x0000000000000001, RSI=0x0000014606ac2910, RDI=0x0000000000000000
R8 =0x0000000000020000, R9 =0x0000000000000000, R10=0x00007ffc24e10000, R11=0x0000000000000000
R12=0x0000000800000000, R13=0x00007ffbb1ee7760, R14=0x0000000000000000, R15=0x0000000000000000
RIP=0x00007ffc24e21899, EFLAGS=0x0000000000010202

Top of Stack: (sp=0x00000001006ff4a0)
0x00000001006ff4a0:   0000000000000000 00007ffbb1f29f39
0x00000001006ff4b0:   0000000000000001 0000014606ac2910
0x00000001006ff4c0:   0000014606ac2910 0000000000000000
0x00000001006ff4d0:   0000014606a62680 00007ffbb20c8e88
0x00000001006ff4e0:   0000014606a62680 0000014606a62680
0x00000001006ff4f0:   0000000000000000 0000000000000000
0x00000001006ff500:   0000000800000000 0000000040000000
0x00000001006ff510:   0000000000000000 0000000000010000
0x00000001006ff520:   ffffffff00000000 0000000000000000
0x00000001006ff530:   0000014606a5bff0 00007ffbb20c82f0
0x00000001006ff540:   00000001006ff610 0000014606a62680
0x00000001006ff550:   000001462763c610 0000000000000000
0x00000001006ff560:   0000000000000000 00007ffbb1ee3d35
0x00000001006ff570:   0000000000000000 00000001006ff670
0x00000001006ff580:   0000000000000000 0000000800000000
0x00000001006ff590:   0000000800000000 0000000000000101 

Instructions: (pc=0x00007ffc24e21899)
0x00007ffc24e21799:   0f 10 44 11 f0 48 83 e9 10 49 83 e8 10 f6 c1 0f
0x00007ffc24e217a9:   74 18 4c 8b c9 48 83 e1 f0 0f 10 c8 0f 10 04 11
0x00007ffc24e217b9:   41 0f 11 09 4c 8b c1 4c 2b c0 4d 8b c8 49 c1 e9
0x00007ffc24e217c9:   07 74 71 0f 29 01 eb 16 66 66 66 66 66 66 66 0f
0x00007ffc24e217d9:   1f 84 00 00 00 00 00 0f 29 41 10 0f 29 09 0f 10
0x00007ffc24e217e9:   44 11 f0 0f 10 4c 11 e0 48 81 e9 80 00 00 00 0f
0x00007ffc24e217f9:   29 41 70 0f 29 49 60 0f 10 44 11 50 0f 10 4c 11
0x00007ffc24e21809:   40 49 ff c9 0f 29 41 50 0f 29 49 40 0f 10 44 11
0x00007ffc24e21819:   30 0f 10 4c 11 20 0f 29 41 30 0f 29 49 20 0f 10
0x00007ffc24e21829:   44 11 10 0f 10 0c 11 75 ae 0f 29 41 10 49 83 e0
0x00007ffc24e21839:   7f 0f 28 c1 4d 8b c8 49 c1 e9 04 74 1a 66 66 0f
0x00007ffc24e21849:   1f 84 00 00 00 00 00 0f 11 01 48 83 e9 10 0f 10
0x00007ffc24e21859:   04 11 49 ff c9 75 f0 49 83 e0 0f 74 03 0f 11 10
0x00007ffc24e21869:   0f 11 01 c3 cc cc cc cc cc cc cc cc cc 66 66 0f
0x00007ffc24e21879:   1f 84 00 00 00 00 00 cc cc cc cc cc cc 66 66 0f
0x00007ffc24e21889:   1f 84 00 00 00 00 00 57 8b c2 48 8b f9 49 8b c8
0x00007ffc24e21899:   f3 aa 49 8b c1 5f c3 48 8b c1 4c 8b c9 4c 8d 15
0x00007ffc24e218a9:   53 e7 fe ff 0f b6 d2 49 bb 01 01 01 01 01 01 01
0x00007ffc24e218b9:   01 4c 0f af da 66 49 0f 6e c3 49 83 f8 0f 0f 87
0x00007ffc24e218c9:   83 00 00 00 0f 1f 00 49 03 c8 47 8b 8c 82 30 5f
0x00007ffc24e218d9:   01 00 4d 03 ca 41 ff e1 4c 89 59 f1 44 89 59 f9
0x00007ffc24e218e9:   66 44 89 59 fd 44 88 59 ff c3 4c 89 59 f2 44 89
0x00007ffc24e218f9:   59 fa 66 44 89 59 fe c3 66 66 66 66 66 66 66 0f
0x00007ffc24e21909:   1f 84 00 00 00 00 00 4c 89 59 f3 44 89 59 fb 44
0x00007ffc24e21919:   88 59 ff c3 0f 1f 00 4c 89 59 f4 44 89 59 fc c3
0x00007ffc24e21929:   4c 89 59 f5 66 44 89 59 fd 44 88 59 ff c3 4c 89
0x00007ffc24e21939:   59 f7 44 88 59 ff c3 4c 89 59 f6 66 44 89 59 fe
0x00007ffc24e21949:   c3 4c 89 59 f8 c3 90 66 0f 6c c0 49 83 f8 20 77
0x00007ffc24e21959:   0c f3 0f 7f 01 f3 42 0f 7f 44 01 f0 c3 83 3d 23
0x00007ffc24e21969:   77 00 00 03 0f 82 dd 01 00 00 4c 3b 05 1e 77 00
0x00007ffc24e21979:   00 76 16 4c 3b 05 1d 77 00 00 77 0d f6 05 94 7a
0x00007ffc24e21989:   00 00 02 0f 85 fe fe ff ff c4 e3 7d 18 c0 01 4c 



---------------  P R O C E S S  ---------------

Threads class SMR info:
_java_thread_list=0x00000146047ea050, length=0, elements={
}

Java Threads: ( => current thread )

Other Threads:
  0x0000014606a7b000 GCTaskThread "GC Thread#0" [stack: 0x0000000100700000,0x0000000100800000] [id=9620]
  0x0000014606ac0800 ConcurrentGCThread "G1 Main Marker" [stack: 0x0000000100800000,0x0000000100900000] [id=12488]
  0x0000014606ac3800 ConcurrentGCThread "G1 Conc#0" [stack: 0x0000000100900000,0x0000000100a00000] [id=6396]
  0x0000014627658800 ConcurrentGCThread "G1 Refine#0" [stack: 0x0000000100a00000,0x0000000100b00000] [id=6412]
  0x0000014627659000 ConcurrentGCThread "G1 Young RemSet Sampling" [stack: 0x0000000100b00000,0x0000000100c00000] [id=10252]

=>0x0000014606a61000 (exited) JavaThread "Unknown thread" [_thread_in_vm, id=12612, stack(0x0000000100600000,0x0000000100700000)]

Threads with active compile tasks:

VM state:not at safepoint (not fully initialized)

VM Mutex/Monitor currently owned by a thread:  ([mutex/lock_event])
[0x0000014606a5bff0] MetaspaceExpand_lock - owner thread: 0x0000014606a61000

Heap address: 0x0000000744000000, size: 3008 MB, Compressed Oops mode: Zero based, Oop shift amount: 3
Narrow klass base: 0x0000000800000000, Narrow klass shift: 0

GC Heap History (0 events):
No events

Deoptimization events (0 events):
No events

Classes redefined (0 events):
No events

Internal exceptions (0 events):
No events

Events (1 events):
Event: 0.009 Loaded shared library C:\Program Files\Zulu\zulu-11\bin\zip.dll


Dynamic libraries:
0x00007ff6ecd40000 - 0x00007ff6ecd4d000 	C:\Program Files\Zulu\zulu-11\bin\java.exe
0x00007ffc463f0000 - 0x00007ffc46607000 	C:\WINDOWS\SYSTEM32\ntdll.dll
0x00007ffc45420000 - 0x00007ffc454e4000 	C:\WINDOWS\System32\KERNEL32.DLL
0x00007ffc43580000 - 0x00007ffc43953000 	C:\WINDOWS\System32\KERNELBASE.dll
0x00007ffc43da0000 - 0x00007ffc43eb1000 	C:\WINDOWS\System32\ucrtbase.dll
0x00007ffc24d30000 - 0x00007ffc24d49000 	C:\Program Files\Zulu\zulu-11\bin\jli.dll
0x00007ffc24e10000 - 0x00007ffc24e2e000 	C:\Program Files\Zulu\zulu-11\bin\VCRUNTIME140.dll
0x00007ffc461f0000 - 0x00007ffc463a1000 	C:\WINDOWS\System32\USER32.dll
0x00007ffc43c40000 - 0x00007ffc43c66000 	C:\WINDOWS\System32\win32u.dll
0x00007ffc30f10000 - 0x00007ffc311ab000 	C:\WINDOWS\WinSxS\amd64_microsoft.windows.common-controls_6595b64144ccf1df_6.0.22621.5240_none_2710eadf7384a318\COMCTL32.dll
0x00007ffc440a0000 - 0x00007ffc440c9000 	C:\WINDOWS\System32\GDI32.dll
0x00007ffc45990000 - 0x00007ffc45a37000 	C:\WINDOWS\System32\msvcrt.dll
0x00007ffc43c70000 - 0x00007ffc43d94000 	C:\WINDOWS\System32\gdi32full.dll
0x00007ffc434e0000 - 0x00007ffc4357a000 	C:\WINDOWS\System32\msvcp_win.dll
0x00007ffc453d0000 - 0x00007ffc45401000 	C:\WINDOWS\System32\IMM32.DLL
0x00007ffc2ec00000 - 0x00007ffc2ec0c000 	C:\Program Files\Zulu\zulu-11\bin\vcruntime140_1.dll
0x00007ffc1ba60000 - 0x00007ffc1baed000 	C:\Program Files\Zulu\zulu-11\bin\msvcp140.dll
0x00007ffbb1910000 - 0x00007ffbb24aa000 	C:\Program Files\Zulu\zulu-11\bin\server\jvm.dll
0x00007ffc45e90000 - 0x00007ffc45f41000 	C:\WINDOWS\System32\ADVAPI32.dll
0x00007ffc46040000 - 0x00007ffc460e7000 	C:\WINDOWS\System32\sechost.dll
0x00007ffc43c10000 - 0x00007ffc43c38000 	C:\WINDOWS\System32\bcrypt.dll
0x00007ffc45d70000 - 0x00007ffc45e84000 	C:\WINDOWS\System32\RPCRT4.dll
0x00007ffc46170000 - 0x00007ffc461e1000 	C:\WINDOWS\System32\WS2_32.dll
0x00007ffc45410000 - 0x00007ffc45418000 	C:\WINDOWS\System32\PSAPI.DLL
0x00007ffc3d5c0000 - 0x00007ffc3d5ca000 	C:\WINDOWS\SYSTEM32\VERSION.dll
0x00007ffc3d5d0000 - 0x00007ffc3d604000 	C:\WINDOWS\SYSTEM32\WINMM.dll
0x00007ffc42520000 - 0x00007ffc42538000 	C:\WINDOWS\SYSTEM32\kernel.appcore.dll
0x00007ffc25090000 - 0x00007ffc250a0000 	C:\Program Files\Zulu\zulu-11\bin\verify.dll
0x00007ffc40fc0000 - 0x00007ffc411f2000 	C:\WINDOWS\SYSTEM32\DBGHELP.DLL
0x00007ffc44e80000 - 0x00007ffc45213000 	C:\WINDOWS\System32\combase.dll
0x00007ffc45f50000 - 0x00007ffc46027000 	C:\WINDOWS\System32\OLEAUT32.dll
0x00007ffc272e0000 - 0x00007ffc27312000 	C:\WINDOWS\SYSTEM32\dbgcore.DLL
0x00007ffc43f80000 - 0x00007ffc43ffb000 	C:\WINDOWS\System32\bcryptPrimitives.dll
0x00007ffc23190000 - 0x00007ffc231b8000 	C:\Program Files\Zulu\zulu-11\bin\java.dll
0x00007ffc24ed0000 - 0x00007ffc24eda000 	C:\Program Files\Zulu\zulu-11\bin\jimage.dll
0x00007ffc1fb50000 - 0x00007ffc1fb68000 	C:\Program Files\Zulu\zulu-11\bin\zip.dll

dbghelp: loaded successfully - version: 4.0.5 - missing functions: none
symbol engine: initialized successfully - sym options: 0x614 - pdb path: .;C:\Program Files\Zulu\zulu-11\bin;C:\WINDOWS\SYSTEM32;C:\WINDOWS\WinSxS\amd64_microsoft.windows.common-controls_6595b64144ccf1df_6.0.22621.5240_none_2710eadf7384a318;C:\Program Files\Zulu\zulu-11\bin\server

VM Arguments:
jvm_args: -Dclassworlds.conf=C:\Users\AMIT\.m2\wrapper\dists\apache-maven-3.9.10\a38810a491b03367137adfdfbe7d14c4\bin\m2.conf -Dmaven.home=C:\Users\AMIT\.m2\wrapper\dists\apache-maven-3.9.10\a38810a491b03367137adfdfbe7d14c4 -Dlibrary.jansi.path=C:\Users\AMIT\.m2\wrapper\dists\apache-maven-3.9.10\a38810a491b03367137adfdfbe7d14c4\lib\jansi-native -Dmaven.multiModuleProjectDirectory=E:\Spring Boot Tutorial\RestApi\journalApp 
java_command: org.codehaus.plexus.classworlds.launcher.Launcher clean install -DskipTests
java_class_path (initial): C:\Users\AMIT\.m2\wrapper\dists\apache-maven-3.9.10\a38810a491b03367137adfdfbe7d14c4\boot\plexus-classworlds-2.9.0.jar
Launcher Type: SUN_STANDARD

[Global flags]
     intx CICompilerCount                          = 3                                         {product} {ergonomic}
     uint ConcGCThreads                            = 1                                         {product} {ergonomic}
     uint G1ConcRefinementThreads                  = 4                                         {product} {ergonomic}
   size_t G1HeapRegionSize                         = 1048576                                   {product} {ergonomic}
    uintx GCDrainStackTargetSize                   = 64                                        {product} {ergonomic}
   size_t InitialHeapSize                          = 197132288                                 {product} {ergonomic}
   size_t MarkStackSize                            = 4194304                                   {product} {ergonomic}
   size_t MaxHeapSize                              = 3154116608                                {product} {ergonomic}
   size_t MaxNewSize                               = 1891631104                                {product} {ergonomic}
   size_t MinHeapDeltaBytes                        = 1048576                                   {product} {ergonomic}
    uintx NonNMethodCodeHeapSize                   = 5830732                                {pd product} {ergonomic}
    uintx NonProfiledCodeHeapSize                  = 122913754                              {pd product} {ergonomic}
    uintx ProfiledCodeHeapSize                     = 122913754                              {pd product} {ergonomic}
    uintx ReservedCodeCacheSize                    = 251658240                              {pd product} {ergonomic}
     bool SegmentedCodeCache                       = true                                      {product} {ergonomic}
     bool UseCompressedClassPointers               = true                                 {lp64_product} {ergonomic}
     bool UseCompressedOops                        = true                                 {lp64_product} {ergonomic}
     bool UseG1GC                                  = true                                      {product} {ergonomic}
     bool UseLargePagesIndividualAllocation        = false                                  {pd product} {ergonomic}

Logging:
Log output configuration:
 #0: stdout all=warning uptime,level,tags
 #1: stderr all=off uptime,level,tags

Environment Variables:
JAVA_HOME=C:\Program Files\Zulu\zulu-11
PATH=C:\Program Files\Zulu\zulu-11\bin;c:\Users\AMIT\AppData\Local\Programs\cursor\resources\app\bin;C:\WINDOWS\system32;C:\WINDOWS;C:\WINDOWS\System32\Wbem;C:\WINDOWS\System32\WindowsPowerShell\v1.0\;C:\WINDOWS\System32\OpenSSH\;C:\MinGW\bin;C:\Users\AMIT\AppData\Local\Android\Sdk;C:\Users\AMIT\AppData\Local\Android\Sdk\emulator;C:\Users\AMIT\AppData\Local\Android\Sdk\build-tools;C:\Users\AMIT\AppData\Local\Android\Sdk\platform-tools;C:\Users\AMIT\AppData\Roaming\npm;C:\Program Files\Git\cmd;C:\Program Files\MongoDB\Server\7.0\bin;C:\mongosh\mongosh-1.10.5-win32-x64\bin;C:\Users\AMIT\AppData\Local\Programs\Python\Python311\Scripts\;C:\Users\AMIT\AppData\Local\Programs\Python\Python311\;C:\Users\AMIT\AppData\Local\Microsoft\WindowsApps;C:\Users\AMIT\AppData\Roaming\npm;C:\Users\AMIT\AppData\Local\Microsoft\WindowsApps;c:\Users\AMIT\AppData\;C:\Program Files\nodejs\;C:\apache-maven-3.9.9\bin;C:\Program Files\Zulu\zulu-11\bin;C:\Program Files\Zulu\zulu-11\bin;c:\Users\AMIT\AppData\Local\Programs\cursor\resources\app\bin;C:\WINDOWS\system32;C:\WINDOWS;C:\WINDOWS\System32\Wbem;C:\WINDOWS\System32\WindowsPowerShell\v1.0\;C:\WINDOWS\System32\OpenSSH\;C:\MinGW\bin;C:\Users\AMIT\AppData\Local\Android\Sdk;C:\Users\AMIT\AppData\Local\Android\Sdk\emulator;C:\Users\AMIT\AppData\Local\Android\Sdk\build-tools;C:\Users\AMIT\AppData\Local\Android\Sdk\platform-tools;C:\Users\AMIT\AppData\Roaming\npm;C:\Program Files\Git\cmd;C:\Program Files\MongoDB\Server\7.0\bin;C:\mongosh\mongosh-1.10.5-win32-x64\bin;C:\Users\AMIT\AppData\Local\Programs\Python\Python311\Scripts\;C:\Users\AMIT\AppData\Local\Programs\Python\Python311\;C:\Users\AMIT\AppData\Local\Microsoft\WindowsApps;C:\Users\AMIT\AppData\Roaming\npm;C:\Users\AMIT\AppData\Local\Microsoft\WindowsApps;c:\Users\AMIT\AppData\;C:\Program Files\nodejs\;C:\apache-maven-3.9.9\bin;
USERNAME=AMIT
OS=Windows_NT
PROCESSOR_IDENTIFIER=Intel64 Family 6 Model 126 Stepping 5, GenuineIntel
TMP=C:\Users\AMIT\AppData\Local\Temp
TEMP=C:\Users\AMIT\AppData\Local\Temp



---------------  S Y S T E M  ---------------

OS: Windows 11 , 64 bit Build 22621 (10.0.22621.5305)
OS uptime: 0 days 2:57 hours

CPU:total 4 (initial active 4) (2 cores per cpu, 2 threads per core) family 6 model 126 stepping 5 microcode 0xa6, cmov, cx8, fxsr, mmx, sse, sse2, sse3, ssse3, sse4.1, sse4.2, popcnt, avx, avx2, aes, clmul, erms, 3dnowpref, lzcnt, ht, tsc, tscinvbit, bmi1, bmi2, adx, evex, sha, fma

Memory: 4k page, system-wide physical 12027M (2266M free)
TotalPageFile size 12027M (AvailPageFile size 4M)
current process WorkingSet (physical memory assigned to process): 19M, peak: 19M
current process commit charge ("private bytes"): 248M, peak: 248M

vm_info: OpenJDK 64-Bit Server VM (11.0.28+6-LTS) for windows-amd64 JRE (Zulu11.82+19-CA) (11.0.28+6-LTS), built on Jul  2 2025 12:05:58 by "zulu_re" with MS VC++ 15.9 (VS2017)

END.
