#
# There is insufficient memory for the Java Runtime Environment to continue.
# Native memory allocation (mmap) failed to map 197132288 bytes for Failed to commit area from 0x0000000744000000 to 0x000000074fc00000 of length 197132288.
# Possible reasons:
#   The system is out of physical RAM or swap space
#   The process is running with CompressedOops enabled, and the Java Heap may be blocking the growth of the native heap
# Possible solutions:
#   Reduce memory load on the system
#   Increase physical memory or swap space
#   Check if swap backing store is full
#   Decrease Java heap size (-Xmx/-Xms)
#   Decrease number of Java threads
#   Decrease Java thread stack sizes (-Xss)
#   Set larger code cache with -XX:ReservedCodeCacheSize=
# This output file may be truncated or incomplete.
#
#  Out of Memory Error (os_windows.cpp:3391), pid=16436, tid=1264
#
# JRE version:  (11.0.28+6) (build )
# Java VM: OpenJDK 64-Bit Server VM (11.0.28+6-LTS, mixed mode, sharing, tiered, compressed oops, g1 gc, windows-amd64)
# No core dump will be written. Minidumps are not enabled by default on client versions of Windows
#

---------------  S U M M A R Y ------------

Command Line: -Dclassworlds.conf=C:\Users\AMIT\.m2\wrapper\dists\apache-maven-3.9.10\a38810a491b03367137adfdfbe7d14c4\bin\m2.conf -Dmaven.home=C:\Users\AMIT\.m2\wrapper\dists\apache-maven-3.9.10\a38810a491b03367137adfdfbe7d14c4 -Dlibrary.jansi.path=C:\Users\AMIT\.m2\wrapper\dists\apache-maven-3.9.10\a38810a491b03367137adfdfbe7d14c4\lib\jansi-native -Dmaven.multiModuleProjectDirectory=E:\Spring Boot Tutorial\RestApi\journalApp org.codehaus.plexus.classworlds.launcher.Launcher --version

Host: Intel(R) Core(TM) i3-1005G1 CPU @ 1.20GHz, 4 cores, 11G,  Windows 11 , 64 bit Build 22621 (10.0.22621.5305)
Time: Wed Jul 30 00:10:11 2025 India Standard Time elapsed time: 0.013176 seconds (0d 0h 0m 0s)

---------------  T H R E A D  ---------------

Current thread (0x000001572ed60000):  JavaThread "Unknown thread" [_thread_in_vm, id=1264, stack(0x0000002b6fe00000,0x0000002b6ff00000)]

Stack: [0x0000002b6fe00000,0x0000002b6ff00000]
Native frames: (J=compiled Java code, j=interpreted, Vv=VM code, C=native code)
V  [jvm.dll+0x62e00a]
V  [jvm.dll+0x7bd169]
V  [jvm.dll+0x7be858]
V  [jvm.dll+0x7bef33]
V  [jvm.dll+0x2539a8]
V  [jvm.dll+0x62b2ea]
V  [jvm.dll+0x61f805]
V  [jvm.dll+0x30f0dc]
V  [jvm.dll+0x30ef62]
V  [jvm.dll+0x313c76]
V  [jvm.dll+0x35b84f]
V  [jvm.dll+0x35b280]
V  [jvm.dll+0x2eb828]
V  [jvm.dll+0x2ec986]
V  [jvm.dll+0x7970b7]
V  [jvm.dll+0x798841]
V  [jvm.dll+0x3686d9]
V  [jvm.dll+0x779dd0]
V  [jvm.dll+0x3da29f]
V  [jvm.dll+0x3dc6b1]
C  [jli.dll+0x5367]
C  [ucrtbase.dll+0x29333]
C  [KERNEL32.DLL+0x1259d]
C  [ntdll.dll+0x5af78]


---------------  P R O C E S S  ---------------

Threads class SMR info:
_java_thread_list=0x000001572cc08c60, length=0, elements={
}

Java Threads: ( => current thread )

Other Threads:
  0x000001572ed79000 GCTaskThread "GC Thread#0" [stack: 0x0000002b6ff00000,0x0000002b70000000] [id=12808]
  0x000001572edbe800 ConcurrentGCThread "G1 Main Marker" [stack: 0x0000002b70000000,0x0000002b70100000] [id=13728]
  0x000001572edc1800 ConcurrentGCThread "G1 Conc#0" [stack: 0x0000002b70100000,0x0000002b70200000] [id=16636]

[error occurred during error reporting (printing all threads), id 0xc0000005, EXCEPTION_ACCESS_VIOLATION (0xc0000005) at pc=0x00007ffbb1c0b6c7]

VM state:not at safepoint (not fully initialized)

VM Mutex/Monitor currently owned by a thread:  ([mutex/lock_event])
[0x000001572ed5bbc0] Heap_lock - owner thread: 0x000001572ed60000

Heap address: 0x0000000744000000, size: 3008 MB, Compressed Oops mode: Non-zero based: 0x0000000744000000
Narrow klass base: 0x0000000000000000, Narrow klass shift: 0

GC Heap History (0 events):
No events

Deoptimization events (0 events):
No events

Classes redefined (0 events):
No events

Internal exceptions (0 events):
No events

Events (1 events):
Event: 0.007 Loaded shared library C:\Program Files\Zulu\zulu-11\bin\zip.dll


Dynamic libraries:
0x00007ff6ecd40000 - 0x00007ff6ecd4d000 	C:\Program Files\Zulu\zulu-11\bin\java.exe
0x00007ffc463f0000 - 0x00007ffc46607000 	C:\WINDOWS\SYSTEM32\ntdll.dll
0x00007ffc45420000 - 0x00007ffc454e4000 	C:\WINDOWS\System32\KERNEL32.DLL
0x00007ffc43580000 - 0x00007ffc43953000 	C:\WINDOWS\System32\KERNELBASE.dll
0x00007ffc43da0000 - 0x00007ffc43eb1000 	C:\WINDOWS\System32\ucrtbase.dll
0x00007ffc24e10000 - 0x00007ffc24e2e000 	C:\Program Files\Zulu\zulu-11\bin\VCRUNTIME140.dll
0x00007ffc24d30000 - 0x00007ffc24d49000 	C:\Program Files\Zulu\zulu-11\bin\jli.dll
0x00007ffc461f0000 - 0x00007ffc463a1000 	C:\WINDOWS\System32\USER32.dll
0x00007ffc43c40000 - 0x00007ffc43c66000 	C:\WINDOWS\System32\win32u.dll
0x00007ffc30f10000 - 0x00007ffc311ab000 	C:\WINDOWS\WinSxS\amd64_microsoft.windows.common-controls_6595b64144ccf1df_6.0.22621.5240_none_2710eadf7384a318\COMCTL32.dll
0x00007ffc45990000 - 0x00007ffc45a37000 	C:\WINDOWS\System32\msvcrt.dll
0x00007ffc440a0000 - 0x00007ffc440c9000 	C:\WINDOWS\System32\GDI32.dll
0x00007ffc43c70000 - 0x00007ffc43d94000 	C:\WINDOWS\System32\gdi32full.dll
0x00007ffc434e0000 - 0x00007ffc4357a000 	C:\WINDOWS\System32\msvcp_win.dll
0x00007ffc453d0000 - 0x00007ffc45401000 	C:\WINDOWS\System32\IMM32.DLL
0x00007ffc2ec00000 - 0x00007ffc2ec0c000 	C:\Program Files\Zulu\zulu-11\bin\vcruntime140_1.dll
0x00007ffc1ba60000 - 0x00007ffc1baed000 	C:\Program Files\Zulu\zulu-11\bin\msvcp140.dll
0x00007ffbb1910000 - 0x00007ffbb24aa000 	C:\Program Files\Zulu\zulu-11\bin\server\jvm.dll
0x00007ffc45e90000 - 0x00007ffc45f41000 	C:\WINDOWS\System32\ADVAPI32.dll
0x00007ffc46040000 - 0x00007ffc460e7000 	C:\WINDOWS\System32\sechost.dll
0x00007ffc43c10000 - 0x00007ffc43c38000 	C:\WINDOWS\System32\bcrypt.dll
0x00007ffc45d70000 - 0x00007ffc45e84000 	C:\WINDOWS\System32\RPCRT4.dll
0x00007ffc46170000 - 0x00007ffc461e1000 	C:\WINDOWS\System32\WS2_32.dll
0x00007ffc45410000 - 0x00007ffc45418000 	C:\WINDOWS\System32\PSAPI.DLL
0x00007ffc3d5d0000 - 0x00007ffc3d604000 	C:\WINDOWS\SYSTEM32\WINMM.dll
0x00007ffc3d5c0000 - 0x00007ffc3d5ca000 	C:\WINDOWS\SYSTEM32\VERSION.dll
0x00007ffc42520000 - 0x00007ffc42538000 	C:\WINDOWS\SYSTEM32\kernel.appcore.dll
0x00007ffc25090000 - 0x00007ffc250a0000 	C:\Program Files\Zulu\zulu-11\bin\verify.dll
0x00007ffc40fc0000 - 0x00007ffc411f2000 	C:\WINDOWS\SYSTEM32\DBGHELP.DLL
0x00007ffc44e80000 - 0x00007ffc45213000 	C:\WINDOWS\System32\combase.dll
0x00007ffc45f50000 - 0x00007ffc46027000 	C:\WINDOWS\System32\OLEAUT32.dll
0x00007ffc272e0000 - 0x00007ffc27312000 	C:\WINDOWS\SYSTEM32\dbgcore.DLL
0x00007ffc43f80000 - 0x00007ffc43ffb000 	C:\WINDOWS\System32\bcryptPrimitives.dll
0x00007ffc23190000 - 0x00007ffc231b8000 	C:\Program Files\Zulu\zulu-11\bin\java.dll
0x00007ffc24ed0000 - 0x00007ffc24eda000 	C:\Program Files\Zulu\zulu-11\bin\jimage.dll
0x00007ffc1fb50000 - 0x00007ffc1fb68000 	C:\Program Files\Zulu\zulu-11\bin\zip.dll

dbghelp: loaded successfully - version: 4.0.5 - missing functions: none
symbol engine: initialized successfully - sym options: 0x614 - pdb path: .;C:\Program Files\Zulu\zulu-11\bin;C:\WINDOWS\SYSTEM32;C:\WINDOWS\WinSxS\amd64_microsoft.windows.common-controls_6595b64144ccf1df_6.0.22621.5240_none_2710eadf7384a318;C:\Program Files\Zulu\zulu-11\bin\server

VM Arguments:
jvm_args: -Dclassworlds.conf=C:\Users\AMIT\.m2\wrapper\dists\apache-maven-3.9.10\a38810a491b03367137adfdfbe7d14c4\bin\m2.conf -Dmaven.home=C:\Users\AMIT\.m2\wrapper\dists\apache-maven-3.9.10\a38810a491b03367137adfdfbe7d14c4 -Dlibrary.jansi.path=C:\Users\AMIT\.m2\wrapper\dists\apache-maven-3.9.10\a38810a491b03367137adfdfbe7d14c4\lib\jansi-native -Dmaven.multiModuleProjectDirectory=E:\Spring Boot Tutorial\RestApi\journalApp 
java_command: org.codehaus.plexus.classworlds.launcher.Launcher --version
java_class_path (initial): C:\Users\AMIT\.m2\wrapper\dists\apache-maven-3.9.10\a38810a491b03367137adfdfbe7d14c4\boot\plexus-classworlds-2.9.0.jar
Launcher Type: SUN_STANDARD

[Global flags]
     intx CICompilerCount                          = 3                                         {product} {ergonomic}
     uint ConcGCThreads                            = 1                                         {product} {ergonomic}
     uint G1ConcRefinementThreads                  = 4                                         {product} {ergonomic}
   size_t G1HeapRegionSize                         = 1048576                                   {product} {ergonomic}
    uintx GCDrainStackTargetSize                   = 64                                        {product} {ergonomic}
   size_t InitialHeapSize                          = 197132288                                 {product} {ergonomic}
   size_t MarkStackSize                            = 4194304                                   {product} {ergonomic}
   size_t MaxHeapSize                              = 3154116608                                {product} {ergonomic}
   size_t MinHeapDeltaBytes                        = 1048576                                   {product} {ergonomic}
    uintx NonNMethodCodeHeapSize                   = 5830732                                {pd product} {ergonomic}
    uintx NonProfiledCodeHeapSize                  = 122913754                              {pd product} {ergonomic}
    uintx ProfiledCodeHeapSize                     = 122913754                              {pd product} {ergonomic}
    uintx ReservedCodeCacheSize                    = 251658240                              {pd product} {ergonomic}
     bool SegmentedCodeCache                       = true                                      {product} {ergonomic}
     bool UseCompressedClassPointers               = true                                 {lp64_product} {ergonomic}
     bool UseCompressedOops                        = true                                 {lp64_product} {ergonomic}
     bool UseG1GC                                  = true                                      {product} {ergonomic}
     bool UseLargePagesIndividualAllocation        = false                                  {pd product} {ergonomic}

Logging:
Log output configuration:
 #0: stdout all=warning uptime,level,tags
 #1: stderr all=off uptime,level,tags

Environment Variables:
JAVA_HOME=C:\Program Files\Zulu\zulu-11
PATH=C:\Program Files\Zulu\zulu-11\bin;c:\Users\AMIT\AppData\Local\Programs\cursor\resources\app\bin;C:\WINDOWS\system32;C:\WINDOWS;C:\WINDOWS\System32\Wbem;C:\WINDOWS\System32\WindowsPowerShell\v1.0\;C:\WINDOWS\System32\OpenSSH\;C:\MinGW\bin;C:\Users\AMIT\AppData\Local\Android\Sdk;C:\Users\AMIT\AppData\Local\Android\Sdk\emulator;C:\Users\AMIT\AppData\Local\Android\Sdk\build-tools;C:\Users\AMIT\AppData\Local\Android\Sdk\platform-tools;C:\Users\AMIT\AppData\Roaming\npm;C:\Program Files\Git\cmd;C:\Program Files\MongoDB\Server\7.0\bin;C:\mongosh\mongosh-1.10.5-win32-x64\bin;C:\Users\AMIT\AppData\Local\Programs\Python\Python311\Scripts\;C:\Users\AMIT\AppData\Local\Programs\Python\Python311\;C:\Users\AMIT\AppData\Local\Microsoft\WindowsApps;C:\Users\AMIT\AppData\Roaming\npm;C:\Users\AMIT\AppData\Local\Microsoft\WindowsApps;c:\Users\AMIT\AppData\;C:\Program Files\nodejs\;C:\apache-maven-3.9.9\bin;C:\Program Files\Zulu\zulu-11\bin;C:\Program Files\Zulu\zulu-11\bin;c:\Users\AMIT\AppData\Local\Programs\cursor\resources\app\bin;C:\WINDOWS\system32;C:\WINDOWS;C:\WINDOWS\System32\Wbem;C:\WINDOWS\System32\WindowsPowerShell\v1.0\;C:\WINDOWS\System32\OpenSSH\;C:\MinGW\bin;C:\Users\AMIT\AppData\Local\Android\Sdk;C:\Users\AMIT\AppData\Local\Android\Sdk\emulator;C:\Users\AMIT\AppData\Local\Android\Sdk\build-tools;C:\Users\AMIT\AppData\Local\Android\Sdk\platform-tools;C:\Users\AMIT\AppData\Roaming\npm;C:\Program Files\Git\cmd;C:\Program Files\MongoDB\Server\7.0\bin;C:\mongosh\mongosh-1.10.5-win32-x64\bin;C:\Users\AMIT\AppData\Local\Programs\Python\Python311\Scripts\;C:\Users\AMIT\AppData\Local\Programs\Python\Python311\;C:\Users\AMIT\AppData\Local\Microsoft\WindowsApps;C:\Users\AMIT\AppData\Roaming\npm;C:\Users\AMIT\AppData\Local\Microsoft\WindowsApps;c:\Users\AMIT\AppData\;C:\Program Files\nodejs\;C:\apache-maven-3.9.9\bin;
USERNAME=AMIT
OS=Windows_NT
PROCESSOR_IDENTIFIER=Intel64 Family 6 Model 126 Stepping 5, GenuineIntel
TMP=C:\Users\AMIT\AppData\Local\Temp
TEMP=C:\Users\AMIT\AppData\Local\Temp



---------------  S Y S T E M  ---------------

OS: Windows 11 , 64 bit Build 22621 (10.0.22621.5305)
OS uptime: 0 days 3:09 hours

CPU:total 4 (initial active 4) (2 cores per cpu, 2 threads per core) family 6 model 126 stepping 5 microcode 0xa6, cmov, cx8, fxsr, mmx, sse, sse2, sse3, ssse3, sse4.1, sse4.2, popcnt, avx, avx2, aes, clmul, erms, 3dnowpref, lzcnt, ht, tsc, tscinvbit, bmi1, bmi2, adx, evex, sha, fma

Memory: 4k page, system-wide physical 12027M (2284M free)
TotalPageFile size 12027M (AvailPageFile size 156M)
current process WorkingSet (physical memory assigned to process): 11M, peak: 11M
current process commit charge ("private bytes"): 52M, peak: 240M

vm_info: OpenJDK 64-Bit Server VM (11.0.28+6-LTS) for windows-amd64 JRE (Zulu11.82+19-CA) (11.0.28+6-LTS), built on Jul  2 2025 12:05:58 by "zulu_re" with MS VC++ 15.9 (VS2017)

END.
