#
# There is insufficient memory for the Java Runtime Environment to continue.
# Native memory allocation (mmap) failed to map 197132288 bytes for G1 virtual space
# Possible reasons:
#   The system is out of physical RAM or swap space
#   The process is running with CompressedOops enabled, and the Java Heap may be blocking the growth of the native heap
# Possible solutions:
#   Reduce memory load on the system
#   Increase physical memory or swap space
#   Check if swap backing store is full
#   Decrease Java heap size (-Xmx/-Xms)
#   Decrease number of Java threads
#   Decrease Java thread stack sizes (-Xss)
#   Set larger code cache with -XX:ReservedCodeCacheSize=
#   JVM is running with Zero Based Compressed Oops mode in which the Java heap is
#     placed in the first 32GB address space. The Java Heap base address is the
#     maximum limit for the native heap growth. Please use -XX:HeapBaseMinAddress
#     to set the Java Heap base and to place the Java Heap above 32GB virtual address.
# This output file may be truncated or incomplete.
#
#  Out of Memory Error (os_windows.cpp:3530), pid=2924, tid=8444
#
# JRE version:  (18.0.2.1+1) (build )
# Java VM: Java HotSpot(TM) 64-Bit Server VM (18.0.2.1+1-1, mixed mode, sharing, tiered, compressed oops, compressed class ptrs, g1 gc, windows-amd64)
# No core dump will be written. Minidumps are not enabled by default on client versions of Windows
#

---------------  S U M M A R Y ------------

Command Line: -Dclassworlds.conf=C:/Users/AMIT/.m2/wrapper/dists/apache-maven-3.9.10/e5402a93/bin/m2.conf -Dmaven.home=C:/Users/AMIT/.m2/wrapper/dists/apache-maven-3.9.10/e5402a93 -Dlibrary.jansi.path=C:/Users/AMIT/.m2/wrapper/dists/apache-maven-3.9.10/e5402a93/lib/jansi-native -Dmaven.multiModuleProjectDirectory=E:/Spring Boot Tutorial/RestApi/journalApp org.codehaus.plexus.classworlds.launcher.Launcher clean install -DskipTests sonar:sonar

Host: Intel(R) Core(TM) i3-1005G1 CPU @ 1.20GHz, 4 cores, 11G,  Windows 11 , 64 bit Build 22621 (10.0.22621.5305)
Time: Wed Jul 30 00:38:12 2025 India Standard Time elapsed time: 0.013516 seconds (0d 0h 0m 0s)

---------------  T H R E A D  ---------------

Current thread (0x000001e606397c40):  JavaThread "Unknown thread" [_thread_in_vm, id=8444, stack(0x000000d8a6a00000,0x000000d8a6b00000)]

Stack: [0x000000d8a6a00000,0x000000d8a6b00000]
Native frames: (J=compiled Java code, j=interpreted, Vv=VM code, C=native code)
V  [jvm.dll+0x6993aa]
V  [jvm.dll+0x7f46dd]
V  [jvm.dll+0x7f5fee]
V  [jvm.dll+0x7f66a3]
V  [jvm.dll+0x25cf1f]
V  [jvm.dll+0x6962f9]
V  [jvm.dll+0x68ae2a]
V  [jvm.dll+0x32255b]
V  [jvm.dll+0x329f36]
V  [jvm.dll+0x37eade]
V  [jvm.dll+0x37ed0f]
V  [jvm.dll+0x2fa2da]
V  [jvm.dll+0x2fb33d]
V  [jvm.dll+0x7c3310]
V  [jvm.dll+0x38be61]
V  [jvm.dll+0x7a2023]
V  [jvm.dll+0x40dc3f]
V  [jvm.dll+0x40f611]
C  [jli.dll+0x526b]
C  [ucrtbase.dll+0x29333]
C  [KERNEL32.DLL+0x1259d]
C  [ntdll.dll+0x5af78]


---------------  P R O C E S S  ---------------

Threads class SMR info:
_java_thread_list=0x00007ffbba6ae550, length=0, elements={
}

Java Threads: ( => current thread )

Other Threads:
  0x000001e6063f2ea0 WorkerThread "GC Thread#0" [stack: 0x000000d8a6b00000,0x000000d8a6c00000] [id=4268]
  0x000001e6063ff9d0 ConcurrentGCThread "G1 Main Marker" [stack: 0x000000d8a6c00000,0x000000d8a6d00000] [id=15596]
  0x000001e6064013d0 WorkerThread "G1 Conc#0" [stack: 0x000000d8a6d00000,0x000000d8a6e00000] [id=15800]

[error occurred during error reporting (printing all threads), id 0xc0000005, EXCEPTION_ACCESS_VIOLATION (0xc0000005) at pc=0x00007ffbb9eda877]

VM state: not at safepoint (not fully initialized)

VM Mutex/Monitor currently owned by a thread:  ([mutex/lock_event])
[0x000001e606393ad0] Heap_lock - owner thread: 0x000001e606397c40

Heap address: 0x0000000744000000, size: 3008 MB, Compressed Oops mode: Zero based, Oop shift amount: 3

CDS archive(s) mapped at: [0x0000000000000000-0x0000000000000000-0x0000000000000000), size 0, SharedBaseAddress: 0x0000000800000000, ArchiveRelocationMode: 0.
Narrow klass base: 0x0000000000000000, Narrow klass shift: 0, Narrow klass range: 0x0

GC Precious Log:
 CardTable entry size: 512
 Card Set container configuration: InlinePtr #cards 4 size 8 Array Of Cards #cards 16 size 48 Howl #buckets 8 coarsen threshold 3686 Howl Bitmap #cards 512 size 80 coarsen threshold 460 Card regions per heap region 1 cards per card region 4096

Heap:
 garbage-first heap   total 0K, used 0K [0x0000000744000000, 0x0000000800000000)
  region size 2048K, 0 young (0K), 0 survivors (0K)

[error occurred during error reporting (printing heap information), id 0xc0000005, EXCEPTION_ACCESS_VIOLATION (0xc0000005) at pc=0x00007ffbba2c1839]

GC Heap History (0 events):
No events

Deoptimization events (0 events):
No events

Classes loaded (0 events):
No events

Classes unloaded (0 events):
No events

Classes redefined (0 events):
No events

Internal exceptions (0 events):
No events

VM Operations (0 events):
No events

Events (1 events):
Event: 0.008 Loaded shared library C:\Program Files\Java\jdk-18.0.2.1\bin\java.dll


Dynamic libraries:
0x00007ff675aa0000 - 0x00007ff675ab0000 	C:\Program Files\Java\jdk-18.0.2.1\bin\java.exe
0x00007ffc463f0000 - 0x00007ffc46607000 	C:\WINDOWS\SYSTEM32\ntdll.dll
0x00007ffc45420000 - 0x00007ffc454e4000 	C:\WINDOWS\System32\KERNEL32.DLL
0x00007ffc43580000 - 0x00007ffc43953000 	C:\WINDOWS\System32\KERNELBASE.dll
0x00007ffc43da0000 - 0x00007ffc43eb1000 	C:\WINDOWS\System32\ucrtbase.dll
0x00007ffc3b070000 - 0x00007ffc3b088000 	C:\Program Files\Java\jdk-18.0.2.1\bin\jli.dll
0x00007ffc39fa0000 - 0x00007ffc39fba000 	C:\Program Files\Java\jdk-18.0.2.1\bin\VCRUNTIME140.dll
0x00007ffc45e90000 - 0x00007ffc45f41000 	C:\WINDOWS\System32\ADVAPI32.dll
0x00007ffc45990000 - 0x00007ffc45a37000 	C:\WINDOWS\System32\msvcrt.dll
0x00007ffc46040000 - 0x00007ffc460e7000 	C:\WINDOWS\System32\sechost.dll
0x00007ffc43c10000 - 0x00007ffc43c38000 	C:\WINDOWS\System32\bcrypt.dll
0x00007ffc45d70000 - 0x00007ffc45e84000 	C:\WINDOWS\System32\RPCRT4.dll
0x00007ffc461f0000 - 0x00007ffc463a1000 	C:\WINDOWS\System32\USER32.dll
0x00007ffc43c40000 - 0x00007ffc43c66000 	C:\WINDOWS\System32\win32u.dll
0x00007ffc30f10000 - 0x00007ffc311ab000 	C:\WINDOWS\WinSxS\amd64_microsoft.windows.common-controls_6595b64144ccf1df_6.0.22621.5240_none_2710eadf7384a318\COMCTL32.dll
0x00007ffc440a0000 - 0x00007ffc440c9000 	C:\WINDOWS\System32\GDI32.dll
0x00007ffc43c70000 - 0x00007ffc43d94000 	C:\WINDOWS\System32\gdi32full.dll
0x00007ffc434e0000 - 0x00007ffc4357a000 	C:\WINDOWS\System32\msvcp_win.dll
0x00007ffc3d5c0000 - 0x00007ffc3d5ca000 	C:\WINDOWS\SYSTEM32\VERSION.dll
0x00007ffc453d0000 - 0x00007ffc45401000 	C:\WINDOWS\System32\IMM32.DLL
0x00007ffc3fc40000 - 0x00007ffc3fc4c000 	C:\Program Files\Java\jdk-18.0.2.1\bin\vcruntime140_1.dll
0x00007ffc20080000 - 0x00007ffc2010d000 	C:\Program Files\Java\jdk-18.0.2.1\bin\msvcp140.dll
0x00007ffbb9bd0000 - 0x00007ffbba7e1000 	C:\Program Files\Java\jdk-18.0.2.1\bin\server\jvm.dll
0x00007ffc45410000 - 0x00007ffc45418000 	C:\WINDOWS\System32\PSAPI.DLL
0x00007ffc3d5d0000 - 0x00007ffc3d604000 	C:\WINDOWS\SYSTEM32\WINMM.dll
0x00007ffc2f300000 - 0x00007ffc2f309000 	C:\WINDOWS\SYSTEM32\WSOCK32.dll
0x00007ffc46170000 - 0x00007ffc461e1000 	C:\WINDOWS\System32\WS2_32.dll
0x00007ffc42520000 - 0x00007ffc42538000 	C:\WINDOWS\SYSTEM32\kernel.appcore.dll
0x00007ffc3cc80000 - 0x00007ffc3cc8a000 	C:\Program Files\Java\jdk-18.0.2.1\bin\jimage.dll
0x00007ffc40fc0000 - 0x00007ffc411f2000 	C:\WINDOWS\SYSTEM32\DBGHELP.DLL
0x00007ffc44e80000 - 0x00007ffc45213000 	C:\WINDOWS\System32\combase.dll
0x00007ffc45f50000 - 0x00007ffc46027000 	C:\WINDOWS\System32\OLEAUT32.dll
0x00007ffc272e0000 - 0x00007ffc27312000 	C:\WINDOWS\SYSTEM32\dbgcore.DLL
0x00007ffc43f80000 - 0x00007ffc43ffb000 	C:\WINDOWS\System32\bcryptPrimitives.dll
0x00007ffc2faf0000 - 0x00007ffc2fb15000 	C:\Program Files\Java\jdk-18.0.2.1\bin\java.dll

dbghelp: loaded successfully - version: 4.0.5 - missing functions: none
symbol engine: initialized successfully - sym options: 0x614 - pdb path: .;C:\Program Files\Java\jdk-18.0.2.1\bin;C:\WINDOWS\SYSTEM32;C:\WINDOWS\WinSxS\amd64_microsoft.windows.common-controls_6595b64144ccf1df_6.0.22621.5240_none_2710eadf7384a318;C:\Program Files\Java\jdk-18.0.2.1\bin\server

VM Arguments:
jvm_args: -Dclassworlds.conf=C:/Users/AMIT/.m2/wrapper/dists/apache-maven-3.9.10/e5402a93/bin/m2.conf -Dmaven.home=C:/Users/AMIT/.m2/wrapper/dists/apache-maven-3.9.10/e5402a93 -Dlibrary.jansi.path=C:/Users/AMIT/.m2/wrapper/dists/apache-maven-3.9.10/e5402a93/lib/jansi-native -Dmaven.multiModuleProjectDirectory=E:/Spring Boot Tutorial/RestApi/journalApp 
java_command: org.codehaus.plexus.classworlds.launcher.Launcher clean install -DskipTests sonar:sonar
java_class_path (initial): C:/Users/AMIT/.m2/wrapper/dists/apache-maven-3.9.10/e5402a93/boot/plexus-classworlds-2.9.0.jar
Launcher Type: SUN_STANDARD

[Global flags]
     intx CICompilerCount                          = 3                                         {product} {ergonomic}
     uint ConcGCThreads                            = 1                                         {product} {ergonomic}
     uint G1ConcRefinementThreads                  = 4                                         {product} {ergonomic}
   size_t G1HeapRegionSize                         = 2097152                                   {product} {ergonomic}
    uintx GCDrainStackTargetSize                   = 64                                        {product} {ergonomic}
   size_t InitialHeapSize                          = 197132288                                 {product} {ergonomic}
   size_t MarkStackSize                            = 4194304                                   {product} {ergonomic}
   size_t MaxHeapSize                              = 3154116608                                {product} {ergonomic}
   size_t MinHeapDeltaBytes                        = 2097152                                   {product} {ergonomic}
   size_t MinHeapSize                              = 8388608                                   {product} {ergonomic}
    uintx NonNMethodCodeHeapSize                   = 5832780                                {pd product} {ergonomic}
    uintx NonProfiledCodeHeapSize                  = 122912730                              {pd product} {ergonomic}
    uintx ProfiledCodeHeapSize                     = 122912730                              {pd product} {ergonomic}
    uintx ReservedCodeCacheSize                    = 251658240                              {pd product} {ergonomic}
     bool SegmentedCodeCache                       = true                                      {product} {ergonomic}
   size_t SoftMaxHeapSize                          = 3154116608                             {manageable} {ergonomic}
     bool UseCompressedClassPointers               = true                           {product lp64_product} {ergonomic}
     bool UseCompressedOops                        = true                           {product lp64_product} {ergonomic}
     bool UseG1GC                                  = true                                      {product} {ergonomic}
     bool UseLargePagesIndividualAllocation        = false                                  {pd product} {ergonomic}

Logging:
Log output configuration:
 #0: stdout all=warning uptime,level,tags foldmultilines=false
 #1: stderr all=off uptime,level,tags foldmultilines=false

Environment Variables:
JAVA_HOME=C:/Program Files/Java/jdk-18.0.2.1
PATH=C:\Program Files\Java\jdk-18.0.2.1\bin;C:\Program Files\Git\mingw64\bin;C:\Program Files\Git\usr\bin;C:\Users\AMIT\bin;C:\Program Files\Java\jdk-18.0.2.1\bin;C:\Users\AMIT\AppData\Local\Programs\cursor\resources\app\bin;C:\WINDOWS\system32;C:\WINDOWS;C:\WINDOWS\System32\Wbem;C:\WINDOWS\System32\WindowsPowerShell\v1.0;C:\WINDOWS\System32\OpenSSH;C:\MinGW\bin;C:\Users\AMIT\AppData\Local\Android\Sdk;C:\Users\AMIT\AppData\Local\Android\Sdk\emulator;C:\Users\AMIT\AppData\Local\Android\Sdk\build-tools;C:\Users\AMIT\AppData\Local\Android\Sdk\platform-tools;C:\Users\AMIT\AppData\Roaming\npm;C:\Program Files\Git\cmd;C:\Program Files\MongoDB\Server\7.0\bin;C:\mongosh\mongosh-1.10.5-win32-x64\bin;C:\Users\AMIT\AppData\Local\Programs\Python\Python311\Scripts;C:\Users\AMIT\AppData\Local\Programs\Python\Python311;C:\Users\AMIT\AppData\Local\Microsoft\WindowsApps;C:\Users\AMIT\AppData\Roaming\npm;C:\Users\AMIT\AppData\Local\Microsoft\WindowsApps;C:\Users\AMIT\AppData;C:\Program Files\nodejs;C:\apache-maven-3.9.9\bin;C:\Program Files\Zulu\zulu-11\bin;C:\Program Files\Java\jdk-18.0.2.1\bin;C:\Users\AMIT\AppData\Local\Programs\cursor\resources\app\bin;C:\WINDOWS\system32;C:\WINDOWS;C:\WINDOWS\System32\Wbem;C:\WINDOWS\System32\WindowsPowerShell\v1.0;C:\WINDOWS\System32\OpenSSH;C:\MinGW\bin;C:\Users\AMIT\AppData\Local\Android\Sdk;C:\Users\AMIT\AppData\Local\Android\Sdk\emulator;C:\Users\AMIT\AppData\Local\Android\Sdk\build-tools;C:\Users\AMIT\AppData\Local\Android\Sdk\platform-tools;C:\Users\AMIT\AppData\Roaming\npm;C:\Program Files\Git\cmd;C:\Program Files\MongoDB\Server\7.0\bin;C:\mongosh\mongosh-1.10.5-win32-x64\bin;C:\Users\AMIT\AppData\Local\Programs\Python\Python311\Scripts;C:\Users\AMIT\AppData\Local\Programs\Python\Python311;C:\Users\AMIT\AppData\Local\Microsoft\WindowsApps;C:\Users\AMIT\AppData\Roaming\npm;C:\Users\AMIT\AppData\Local\Microsoft\WindowsApps;C:\Users\AMIT\AppData;C:\Program Files\nodejs;C:\apache-maven-3.9.9\bin
USERNAME=AMIT
OS=Windows_NT
PROCESSOR_IDENTIFIER=Intel64 Family 6 Model 126 Stepping 5, GenuineIntel



---------------  S Y S T E M  ---------------

OS:
 Windows 11 , 64 bit Build 22621 (10.0.22621.5305)
OS uptime: 0 days 3:37 hours

CPU: total 4 (initial active 4) (2 cores per cpu, 2 threads per core) family 6 model 126 stepping 5 microcode 0xa6, cx8, cmov, fxsr, ht, mmx, 3dnowpref, sse, sse2, sse3, ssse3, sse4.1, sse4.2, popcnt, lzcnt, tsc, tscinvbit, avx, avx2, aes, erms, clmul, bmi1, bmi2, adx, avx512f, avx512dq, avx512cd, avx512bw, avx512vl, sha, fma, vzeroupper, avx512_vpopcntdq, avx512_vpclmulqdq, avx512_vaes, avx512_vnni, clflush, clflushopt, avx512_vbmi2, avx512_vbmi

Memory: 4k page, system-wide physical 12027M (2180M free)
TotalPageFile size 12027M (AvailPageFile size 24M)
current process WorkingSet (physical memory assigned to process): 11M, peak: 11M
current process commit charge ("private bytes"): 52M, peak: 240M

vm_info: Java HotSpot(TM) 64-Bit Server VM (18.0.2.1+1-1) for windows-amd64 JRE (18.0.2.1+1-1), built on Aug 16 2022 01:46:33 by "mach5one" with MS VC++ 16.8 / 16.9 (VS2019)

END.
